  [1m[35m (541.6ms)[0m  [1m[35mCREATE DATABASE "rails_react_recipe_development" ENCODING = 'unicode'[0m
  [1m[35m (427.6ms)[0m  [1m[35mCREATE DATABASE "rails_react_recipe_test" ENCODING = 'unicode'[0m
Started GET "/" for ::1 at 2020-04-22 22:12:18 +0100
Processing by Rails::WelcomeController#index as HTML
  Rendering /Users/andrew/.rbenv/versions/2.6.0/lib/ruby/gems/2.6.0/gems/railties-6.0.2.2/lib/rails/templates/rails/welcome/index.html.erb
  Rendered /Users/andrew/.rbenv/versions/2.6.0/lib/ruby/gems/2.6.0/gems/railties-6.0.2.2/lib/rails/templates/rails/welcome/index.html.erb (Duration: 8.8ms | Allocations: 488)
Completed 200 OK in 46ms (Views: 16.8ms | ActiveRecord: 0.0ms | Allocations: 2798)


Started GET "/" for 127.0.0.1 at 2020-04-22 22:17:26 +0100
Processing by HomepageController#index as HTML
  Rendering homepage/index.html.erb within layouts/application
  Rendered homepage/index.html.erb within layouts/application (Duration: 1.6ms | Allocations: 204)
[Webpacker] Compiling...
[Webpacker] Compiled all packs in /Users/andrew/Workspace/PDT/rails_react_recipe/public/packs
[Webpacker] Hash: d3773190b7b47868270e
Version: webpack 4.43.0
Time: 4956ms
Built at: 22/04/2020 22:17:33
                                     Asset       Size       Chunks                         Chunk Names
    js/application-bbe9c4a129ab949e0636.js    124 KiB  application  [emitted] [immutable]  application
js/application-bbe9c4a129ab949e0636.js.map    139 KiB  application  [emitted] [dev]        application
    js/hello_react-32ca50f330cbf57b8ce9.js   1.05 MiB  hello_react  [emitted] [immutable]  hello_react
js/hello_react-32ca50f330cbf57b8ce9.js.map   1.21 MiB  hello_react  [emitted] [dev]        hello_react
                             manifest.json  703 bytes               [emitted]              
Entrypoint application = js/application-bbe9c4a129ab949e0636.js js/application-bbe9c4a129ab949e0636.js.map
Entrypoint hello_react = js/hello_react-32ca50f330cbf57b8ce9.js js/hello_react-32ca50f330cbf57b8ce9.js.map
[./app/javascript/channels sync recursive _channel\.js$] ./app/javascript/channels sync _channel\.js$ 160 bytes {application} [built]
[./app/javascript/channels/index.js] 211 bytes {application} [built]
[./app/javascript/packs/application.js] 749 bytes {application} [built]
[./app/javascript/packs/hello_react.jsx] 1.08 KiB {hello_react} [built]
[./node_modules/webpack/buildin/module.js] (webpack)/buildin/module.js 552 bytes {application} [built]
    + 18 hidden modules

Completed 200 OK in 7303ms (Views: 7293.3ms | ActiveRecord: 0.0ms | Allocations: 19543)


Started GET "/" for 127.0.0.1 at 2020-04-23 07:01:44 +0100
Processing by HomepageController#index as HTML
  Rendering homepage/index.html.erb within layouts/application
  Rendered homepage/index.html.erb within layouts/application (Duration: 1.9ms | Allocations: 204)
[Webpacker] Compiling...
[Webpacker] Compiled all packs in /Users/andrew/Workspace/PDT/rails_react_recipe/public/packs
[Webpacker] Hash: c1e77de890c1ccb3edae
Version: webpack 4.43.0
Time: 6726ms
Built at: 23/04/2020 07:01:53
                                     Asset       Size       Chunks                         Chunk Names
          js/Index-10ec3ee6c0439a3d010e.js   2.56 MiB        Index  [emitted] [immutable]  Index
      js/Index-10ec3ee6c0439a3d010e.js.map   2.83 MiB        Index  [emitted] [dev]        Index
    js/application-bbe9c4a129ab949e0636.js    124 KiB  application  [emitted] [immutable]  application
js/application-bbe9c4a129ab949e0636.js.map    139 KiB  application  [emitted] [dev]        application
                             manifest.json  661 bytes               [emitted]              
Entrypoint application = js/application-bbe9c4a129ab949e0636.js js/application-bbe9c4a129ab949e0636.js.map
Entrypoint Index = js/Index-10ec3ee6c0439a3d010e.js js/Index-10ec3ee6c0439a3d010e.js.map
[./app/javascript/channels sync recursive _channel\.js$] ./app/javascript/channels sync _channel\.js$ 160 bytes {application} [built]
[./app/javascript/channels/index.js] 211 bytes {application} [built]
[./app/javascript/packs/Index.jsx] 664 bytes {Index} [built]
[./app/javascript/packs/application.js] 749 bytes {application} [built]
[./app/javascript/routes/Index.jsx] 746 bytes {Index} [built]
[./node_modules/webpack/buildin/global.js] (webpack)/buildin/global.js 905 bytes {Index} [built]
[./node_modules/webpack/buildin/module.js] (webpack)/buildin/module.js 552 bytes {application} {Index} [built]
    + 43 hidden modules

[Webpacker] Everything's up-to-date. Nothing to do
Completed 200 OK in 8947ms (Views: 8936.2ms | ActiveRecord: 0.0ms | Allocations: 17281)


Started GET "/" for 127.0.0.1 at 2020-04-23 07:04:49 +0100
Processing by HomepageController#index as HTML
  Rendering homepage/index.html.erb within layouts/application
  Rendered homepage/index.html.erb within layouts/application (Duration: 0.1ms | Allocations: 5)
[Webpacker] Everything's up-to-date. Nothing to do
[Webpacker] Everything's up-to-date. Nothing to do
Completed 200 OK in 37ms (Views: 35.7ms | ActiveRecord: 0.0ms | Allocations: 5752)


Started GET "/" for 127.0.0.1 at 2020-04-23 07:10:03 +0100
Processing by HomepageController#index as HTML
Completed 406 Not Acceptable in 15ms (ActiveRecord: 0.0ms | Allocations: 2087)


  
ActionController::MissingExactTemplate (HomepageController#index is missing a template for request formats: text/html):
  
actionpack (6.0.2.2) lib/action_controller/metal/implicit_render.rb:45:in `default_render'
actionpack (6.0.2.2) lib/action_controller/metal/basic_implicit_render.rb:6:in `block in send_action'
actionpack (6.0.2.2) lib/action_controller/metal/basic_implicit_render.rb:6:in `tap'
actionpack (6.0.2.2) lib/action_controller/metal/basic_implicit_render.rb:6:in `send_action'
actionpack (6.0.2.2) lib/abstract_controller/base.rb:196:in `process_action'
actionpack (6.0.2.2) lib/action_controller/metal/rendering.rb:30:in `process_action'
actionpack (6.0.2.2) lib/abstract_controller/callbacks.rb:42:in `block in process_action'
activesupport (6.0.2.2) lib/active_support/callbacks.rb:135:in `run_callbacks'
actionpack (6.0.2.2) lib/abstract_controller/callbacks.rb:41:in `process_action'
actionpack (6.0.2.2) lib/action_controller/metal/rescue.rb:22:in `process_action'
actionpack (6.0.2.2) lib/action_controller/metal/instrumentation.rb:33:in `block in process_action'
activesupport (6.0.2.2) lib/active_support/notifications.rb:180:in `block in instrument'
activesupport (6.0.2.2) lib/active_support/notifications/instrumenter.rb:24:in `instrument'
activesupport (6.0.2.2) lib/active_support/notifications.rb:180:in `instrument'
actionpack (6.0.2.2) lib/action_controller/metal/instrumentation.rb:32:in `process_action'
actionpack (6.0.2.2) lib/action_controller/metal/params_wrapper.rb:245:in `process_action'
activerecord (6.0.2.2) lib/active_record/railties/controller_runtime.rb:27:in `process_action'
actionpack (6.0.2.2) lib/abstract_controller/base.rb:136:in `process'
actionview (6.0.2.2) lib/action_view/rendering.rb:39:in `process'
actionpack (6.0.2.2) lib/action_controller/metal.rb:191:in `dispatch'
actionpack (6.0.2.2) lib/action_controller/metal.rb:252:in `dispatch'
actionpack (6.0.2.2) lib/action_dispatch/routing/route_set.rb:51:in `dispatch'
actionpack (6.0.2.2) lib/action_dispatch/routing/route_set.rb:33:in `serve'
actionpack (6.0.2.2) lib/action_dispatch/journey/router.rb:49:in `block in serve'
actionpack (6.0.2.2) lib/action_dispatch/journey/router.rb:32:in `each'
actionpack (6.0.2.2) lib/action_dispatch/journey/router.rb:32:in `serve'
actionpack (6.0.2.2) lib/action_dispatch/routing/route_set.rb:837:in `call'
rack (2.2.2) lib/rack/tempfile_reaper.rb:15:in `call'
rack (2.2.2) lib/rack/etag.rb:27:in `call'
rack (2.2.2) lib/rack/conditional_get.rb:27:in `call'
rack (2.2.2) lib/rack/head.rb:12:in `call'
actionpack (6.0.2.2) lib/action_dispatch/http/content_security_policy.rb:18:in `call'
rack (2.2.2) lib/rack/session/abstract/id.rb:266:in `context'
rack (2.2.2) lib/rack/session/abstract/id.rb:260:in `call'
actionpack (6.0.2.2) lib/action_dispatch/middleware/cookies.rb:648:in `call'
activerecord (6.0.2.2) lib/active_record/migration.rb:567:in `call'
actionpack (6.0.2.2) lib/action_dispatch/middleware/callbacks.rb:27:in `block in call'
activesupport (6.0.2.2) lib/active_support/callbacks.rb:101:in `run_callbacks'
actionpack (6.0.2.2) lib/action_dispatch/middleware/callbacks.rb:26:in `call'
actionpack (6.0.2.2) lib/action_dispatch/middleware/executor.rb:14:in `call'
actionpack (6.0.2.2) lib/action_dispatch/middleware/actionable_exceptions.rb:17:in `call'
actionpack (6.0.2.2) lib/action_dispatch/middleware/debug_exceptions.rb:32:in `call'
web-console (4.0.1) lib/web_console/middleware.rb:132:in `call_app'
web-console (4.0.1) lib/web_console/middleware.rb:28:in `block in call'
web-console (4.0.1) lib/web_console/middleware.rb:17:in `catch'
web-console (4.0.1) lib/web_console/middleware.rb:17:in `call'
actionpack (6.0.2.2) lib/action_dispatch/middleware/show_exceptions.rb:33:in `call'
railties (6.0.2.2) lib/rails/rack/logger.rb:38:in `call_app'
railties (6.0.2.2) lib/rails/rack/logger.rb:26:in `block in call'
activesupport (6.0.2.2) lib/active_support/tagged_logging.rb:80:in `block in tagged'
activesupport (6.0.2.2) lib/active_support/tagged_logging.rb:28:in `tagged'
activesupport (6.0.2.2) lib/active_support/tagged_logging.rb:80:in `tagged'
railties (6.0.2.2) lib/rails/rack/logger.rb:26:in `call'
sprockets-rails (3.2.1) lib/sprockets/rails/quiet_assets.rb:13:in `call'
actionpack (6.0.2.2) lib/action_dispatch/middleware/remote_ip.rb:81:in `call'
actionpack (6.0.2.2) lib/action_dispatch/middleware/request_id.rb:27:in `call'
rack (2.2.2) lib/rack/method_override.rb:24:in `call'
rack (2.2.2) lib/rack/runtime.rb:22:in `call'
activesupport (6.0.2.2) lib/active_support/cache/strategy/local_cache_middleware.rb:29:in `call'
actionpack (6.0.2.2) lib/action_dispatch/middleware/executor.rb:14:in `call'
actionpack (6.0.2.2) lib/action_dispatch/middleware/static.rb:126:in `call'
rack (2.2.2) lib/rack/sendfile.rb:110:in `call'
actionpack (6.0.2.2) lib/action_dispatch/middleware/host_authorization.rb:83:in `call'
webpacker (4.2.2) lib/webpacker/dev_server_proxy.rb:23:in `perform_request'
rack-proxy (0.6.5) lib/rack/proxy.rb:57:in `call'
railties (6.0.2.2) lib/rails/engine.rb:526:in `call'
puma (4.3.3) lib/puma/configuration.rb:228:in `call'
puma (4.3.3) lib/puma/server.rb:682:in `handle_request'
puma (4.3.3) lib/puma/server.rb:472:in `process_client'
puma (4.3.3) lib/puma/server.rb:328:in `block in run'
puma (4.3.3) lib/puma/thread_pool.rb:134:in `block in spawn_thread'
Started GET "/" for 127.0.0.1 at 2020-04-23 07:11:27 +0100
Processing by HomepageController#index as HTML
  Rendering homepage/index.html.erb within layouts/application
  Rendered homepage/index.html.erb within layouts/application (Duration: 0.3ms | Allocations: 86)
[Webpacker] Everything's up-to-date. Nothing to do
[Webpacker] Everything's up-to-date. Nothing to do
Completed 200 OK in 21ms (Views: 19.9ms | ActiveRecord: 0.0ms | Allocations: 8800)


Started GET "/" for 127.0.0.1 at 2020-04-23 07:17:02 +0100
Processing by HomepageController#index as HTML
  Rendering homepage/index.html.erb within layouts/application
  Rendered homepage/index.html.erb within layouts/application (Duration: 0.6ms | Allocations: 204)
Completed 500 Internal Server Error in 31ms (ActiveRecord: 0.0ms | Allocations: 12006)


  
ActionView::Template::Error (The asset "application.js" is not present in the asset pipeline.):
     6:     <%= csp_meta_tag %>
     7: 
     8:     <%= stylesheet_link_tag 'application', media: 'all', 'data-turbolinks-track': 'reload' %>
     9:     <%= javascript_include_tag 'application', 'data-turbolinks-track': 'reload' %>
    10:     <meta name="viewport" content="width=device-width, initial-scale=1, shrink-to-fit=no">
    11:     <%= javascript_pack_tag 'Index' %>
    12:   </head>
  
app/views/layouts/application.html.erb:9
Started GET "/" for 127.0.0.1 at 2020-04-23 07:18:05 +0100
Processing by HomepageController#index as HTML
  Rendering homepage/index.html.erb within layouts/application
  Rendered homepage/index.html.erb within layouts/application (Duration: 0.3ms | Allocations: 83)
[Webpacker] Everything's up-to-date. Nothing to do
[Webpacker] Everything's up-to-date. Nothing to do
Completed 200 OK in 12ms (Views: 11.4ms | ActiveRecord: 0.0ms | Allocations: 6838)


Started GET "/" for 127.0.0.1 at 2020-04-23 07:19:15 +0100
Processing by HomepageController#index as HTML
  Rendering homepage/index.html.erb within layouts/application
  Rendered homepage/index.html.erb within layouts/application (Duration: 0.0ms | Allocations: 5)
[Webpacker] Compiling...
[Webpacker] Compiled all packs in /Users/andrew/Workspace/PDT/rails_react_recipe/public/packs
[Webpacker] Hash: 3acb7ecdf67957a72231
Version: webpack 4.43.0
Time: 2679ms
Built at: 23/04/2020 07:19:19
                                     Asset       Size       Chunks                         Chunk Names
          js/Index-5125f0b8d5a091141cfd.js   2.56 MiB        Index  [emitted] [immutable]  Index
      js/Index-5125f0b8d5a091141cfd.js.map   2.83 MiB        Index  [emitted] [dev]        Index
    js/application-bbe9c4a129ab949e0636.js    124 KiB  application  [emitted] [immutable]  application
js/application-bbe9c4a129ab949e0636.js.map    139 KiB  application  [emitted] [dev]        application
                             manifest.json  661 bytes               [emitted]              
Entrypoint application = js/application-bbe9c4a129ab949e0636.js js/application-bbe9c4a129ab949e0636.js.map
Entrypoint Index = js/Index-5125f0b8d5a091141cfd.js js/Index-5125f0b8d5a091141cfd.js.map
[./app/javascript/channels sync recursive _channel\.js$] ./app/javascript/channels sync _channel\.js$ 160 bytes {application} [built]
[./app/javascript/channels/index.js] 211 bytes {application} [built]
[./app/javascript/packs/Index.jsx] 664 bytes {Index} [built]
[./app/javascript/packs/application.js] 749 bytes {application} [built]
[./app/javascript/routes/Index.jsx] 746 bytes {Index} [built]
[./node_modules/webpack/buildin/global.js] (webpack)/buildin/global.js 905 bytes {Index} [built]
[./node_modules/webpack/buildin/module.js] (webpack)/buildin/module.js 552 bytes {application} {Index} [built]
    + 43 hidden modules

[Webpacker] Everything's up-to-date. Nothing to do
Completed 200 OK in 4039ms (Views: 4038.0ms | ActiveRecord: 0.0ms | Allocations: 6980)


Started GET "/" for 127.0.0.1 at 2020-04-23 07:26:28 +0100
Processing by HomepageController#index as HTML
  Rendering homepage/index.html.erb within layouts/application
  Rendered homepage/index.html.erb within layouts/application (Duration: 0.3ms | Allocations: 71)
[Webpacker] Everything's up-to-date. Nothing to do
[Webpacker] Everything's up-to-date. Nothing to do
Completed 200 OK in 15ms (Views: 14.1ms | ActiveRecord: 0.0ms | Allocations: 6760)


Started GET "/" for 127.0.0.1 at 2020-04-23 07:28:46 +0100
Processing by HomepageController#index as HTML
  Rendering homepage/index.html.erb within layouts/application
  Rendered homepage/index.html.erb within layouts/application (Duration: 0.1ms | Allocations: 4)
[Webpacker] Compiling...
[Webpacker] Compiled all packs in /Users/andrew/Workspace/PDT/rails_react_recipe/public/packs
[Webpacker] Hash: 254779a77ca0c70a4800
Version: webpack 4.43.0
Time: 2657ms
Built at: 23/04/2020 07:28:50
                                     Asset       Size       Chunks                         Chunk Names
          js/Index-e782811f292f50f6868b.js   2.56 MiB        Index  [emitted] [immutable]  Index
      js/Index-e782811f292f50f6868b.js.map   2.83 MiB        Index  [emitted] [dev]        Index
    js/application-bbe9c4a129ab949e0636.js    124 KiB  application  [emitted] [immutable]  application
js/application-bbe9c4a129ab949e0636.js.map    139 KiB  application  [emitted] [dev]        application
                             manifest.json  661 bytes               [emitted]              
Entrypoint application = js/application-bbe9c4a129ab949e0636.js js/application-bbe9c4a129ab949e0636.js.map
Entrypoint Index = js/Index-e782811f292f50f6868b.js js/Index-e782811f292f50f6868b.js.map
[./app/javascript/channels sync recursive _channel\.js$] ./app/javascript/channels sync _channel\.js$ 160 bytes {application} [built]
[./app/javascript/channels/index.js] 211 bytes {application} [built]
[./app/javascript/packs/Index.jsx] 664 bytes {Index} [built]
[./app/javascript/packs/application.js] 749 bytes {application} [built]
[./app/javascript/routes/Index.jsx] 746 bytes {Index} [built]
[./node_modules/webpack/buildin/global.js] (webpack)/buildin/global.js 905 bytes {Index} [built]
[./node_modules/webpack/buildin/module.js] (webpack)/buildin/module.js 552 bytes {application} {Index} [built]
    + 43 hidden modules

[Webpacker] Everything's up-to-date. Nothing to do
Completed 200 OK in 4011ms (Views: 4010.3ms | ActiveRecord: 0.0ms | Allocations: 6941)


  [1m[35m (57.9ms)[0m  [1m[35mCREATE TABLE "schema_migrations" ("version" character varying NOT NULL PRIMARY KEY)[0m
  [1m[35m (25.9ms)[0m  [1m[35mCREATE TABLE "ar_internal_metadata" ("key" character varying NOT NULL PRIMARY KEY, "value" character varying, "created_at" timestamp(6) NOT NULL, "updated_at" timestamp(6) NOT NULL)[0m
  [1m[35m (1.6ms)[0m  [1m[34mSELECT pg_try_advisory_lock(4756338405265642755)[0m
  [1m[35m (0.9ms)[0m  [1m[34mSELECT "schema_migrations"."version" FROM "schema_migrations" ORDER BY "schema_migrations"."version" ASC[0m
Migrating to CreateRecipes (20200423063312)
  [1m[35m (0.2ms)[0m  [1m[35mBEGIN[0m
  [1m[35m (32.1ms)[0m  [1m[35mCREATE TABLE "recipes" ("id" bigserial primary key, "name" character varying NOT NULL, "ingredients" text NOT NULL, "instruction" text NOT NULL, "image" character varying DEFAULT 'https://raw.githubusercontent.com/do-community/react_rails_recipe/master/app/assets/images/Sammy_Meal.jpg', "created_at" timestamp(6) NOT NULL, "updated_at" timestamp(6) NOT NULL)[0m
  [1m[36mprimary::SchemaMigration Create (1.5ms)[0m  [1m[32mINSERT INTO "schema_migrations" ("version") VALUES ($1) RETURNING "version"[0m  [["version", "20200423063312"]]
  [1m[35m (1.0ms)[0m  [1m[35mCOMMIT[0m
  [1m[36mActiveRecord::InternalMetadata Load (0.6ms)[0m  [1m[34mSELECT "ar_internal_metadata".* FROM "ar_internal_metadata" WHERE "ar_internal_metadata"."key" = $1 LIMIT $2[0m  [["key", "environment"], ["LIMIT", 1]]
  [1m[35m (0.2ms)[0m  [1m[35mBEGIN[0m
  [1m[36mActiveRecord::InternalMetadata Create (2.0ms)[0m  [1m[32mINSERT INTO "ar_internal_metadata" ("key", "value", "created_at", "updated_at") VALUES ($1, $2, $3, $4) RETURNING "key"[0m  [["key", "environment"], ["value", "development"], ["created_at", "2020-04-23 06:37:47.713329"], ["updated_at", "2020-04-23 06:37:47.713329"]]
  [1m[35m (0.6ms)[0m  [1m[35mCOMMIT[0m
  [1m[35m (0.3ms)[0m  [1m[34mSELECT pg_advisory_unlock(4756338405265642755)[0m
  [1m[35m (1.0ms)[0m  [1m[34mSELECT "schema_migrations"."version" FROM "schema_migrations" ORDER BY "schema_migrations"."version" ASC[0m
  [1m[35m (0.6ms)[0m  [1m[34mSELECT "schema_migrations"."version" FROM "schema_migrations" ORDER BY "schema_migrations"."version" ASC[0m
  [1m[35m (0.5ms)[0m  [1m[34mSELECT "schema_migrations"."version" FROM "schema_migrations" ORDER BY "schema_migrations"."version" ASC[0m
  [1m[35m (0.1ms)[0m  [1m[35mBEGIN[0m
  [1m[36mRecipe Create (9.5ms)[0m  [1m[32mINSERT INTO "recipes" ("name", "ingredients", "instruction", "created_at", "updated_at") VALUES ($1, $2, $3, $4, $5) RETURNING "id"[0m  [["name", "Recipe 1"], ["ingredients", "227g tub clotted cream, 25g butter, 1 tsp cornfour, 100g parmasan, grated nutmeg, 250g fresh fettuccine or tagliatelle, snipped chives or chopped parsley to serve (optional)"], ["instruction", "In a medium saucepan, stir the clotted cream, butter, and cornflour over a low-ish heat and bring to a low simmer. Turn off the heat and keep warm."], ["created_at", "2020-04-23 07:04:03.764388"], ["updated_at", "2020-04-23 07:04:03.764388"]]
  [1m[35m (1.4ms)[0m  [1m[35mCOMMIT[0m
  [1m[35m (0.2ms)[0m  [1m[35mBEGIN[0m
  [1m[36mRecipe Create (0.3ms)[0m  [1m[32mINSERT INTO "recipes" ("name", "ingredients", "instruction", "created_at", "updated_at") VALUES ($1, $2, $3, $4, $5) RETURNING "id"[0m  [["name", "Recipe 2"], ["ingredients", "227g tub clotted cream, 25g butter, 1 tsp cornfour, 100g parmasan, grated nutmeg, 250g fresh fettuccine or tagliatelle, snipped chives or chopped parsley to serve (optional)"], ["instruction", "In a medium saucepan, stir the clotted cream, butter, and cornflour over a low-ish heat and bring to a low simmer. Turn off the heat and keep warm."], ["created_at", "2020-04-23 07:04:03.779345"], ["updated_at", "2020-04-23 07:04:03.779345"]]
  [1m[35m (6.6ms)[0m  [1m[35mCOMMIT[0m
  [1m[35m (0.2ms)[0m  [1m[35mBEGIN[0m
  [1m[36mRecipe Create (0.2ms)[0m  [1m[32mINSERT INTO "recipes" ("name", "ingredients", "instruction", "created_at", "updated_at") VALUES ($1, $2, $3, $4, $5) RETURNING "id"[0m  [["name", "Recipe 3"], ["ingredients", "227g tub clotted cream, 25g butter, 1 tsp cornfour, 100g parmasan, grated nutmeg, 250g fresh fettuccine or tagliatelle, snipped chives or chopped parsley to serve (optional)"], ["instruction", "In a medium saucepan, stir the clotted cream, butter, and cornflour over a low-ish heat and bring to a low simmer. Turn off the heat and keep warm."], ["created_at", "2020-04-23 07:04:03.805244"], ["updated_at", "2020-04-23 07:04:03.805244"]]
  [1m[35m (0.5ms)[0m  [1m[35mCOMMIT[0m
  [1m[35m (0.1ms)[0m  [1m[35mBEGIN[0m
  [1m[36mRecipe Create (0.2ms)[0m  [1m[32mINSERT INTO "recipes" ("name", "ingredients", "instruction", "created_at", "updated_at") VALUES ($1, $2, $3, $4, $5) RETURNING "id"[0m  [["name", "Recipe 4"], ["ingredients", "227g tub clotted cream, 25g butter, 1 tsp cornfour, 100g parmasan, grated nutmeg, 250g fresh fettuccine or tagliatelle, snipped chives or chopped parsley to serve (optional)"], ["instruction", "In a medium saucepan, stir the clotted cream, butter, and cornflour over a low-ish heat and bring to a low simmer. Turn off the heat and keep warm."], ["created_at", "2020-04-23 07:04:03.808849"], ["updated_at", "2020-04-23 07:04:03.808849"]]
  [1m[35m (0.4ms)[0m  [1m[35mCOMMIT[0m
  [1m[35m (0.1ms)[0m  [1m[35mBEGIN[0m
  [1m[36mRecipe Create (0.2ms)[0m  [1m[32mINSERT INTO "recipes" ("name", "ingredients", "instruction", "created_at", "updated_at") VALUES ($1, $2, $3, $4, $5) RETURNING "id"[0m  [["name", "Recipe 5"], ["ingredients", "227g tub clotted cream, 25g butter, 1 tsp cornfour, 100g parmasan, grated nutmeg, 250g fresh fettuccine or tagliatelle, snipped chives or chopped parsley to serve (optional)"], ["instruction", "In a medium saucepan, stir the clotted cream, butter, and cornflour over a low-ish heat and bring to a low simmer. Turn off the heat and keep warm."], ["created_at", "2020-04-23 07:04:03.812165"], ["updated_at", "2020-04-23 07:04:03.812165"]]
  [1m[35m (0.4ms)[0m  [1m[35mCOMMIT[0m
  [1m[35m (0.1ms)[0m  [1m[35mBEGIN[0m
  [1m[36mRecipe Create (0.2ms)[0m  [1m[32mINSERT INTO "recipes" ("name", "ingredients", "instruction", "created_at", "updated_at") VALUES ($1, $2, $3, $4, $5) RETURNING "id"[0m  [["name", "Recipe 6"], ["ingredients", "227g tub clotted cream, 25g butter, 1 tsp cornfour, 100g parmasan, grated nutmeg, 250g fresh fettuccine or tagliatelle, snipped chives or chopped parsley to serve (optional)"], ["instruction", "In a medium saucepan, stir the clotted cream, butter, and cornflour over a low-ish heat and bring to a low simmer. Turn off the heat and keep warm."], ["created_at", "2020-04-23 07:04:03.815382"], ["updated_at", "2020-04-23 07:04:03.815382"]]
  [1m[35m (0.4ms)[0m  [1m[35mCOMMIT[0m
  [1m[35m (0.1ms)[0m  [1m[35mBEGIN[0m
  [1m[36mRecipe Create (0.3ms)[0m  [1m[32mINSERT INTO "recipes" ("name", "ingredients", "instruction", "created_at", "updated_at") VALUES ($1, $2, $3, $4, $5) RETURNING "id"[0m  [["name", "Recipe 7"], ["ingredients", "227g tub clotted cream, 25g butter, 1 tsp cornfour, 100g parmasan, grated nutmeg, 250g fresh fettuccine or tagliatelle, snipped chives or chopped parsley to serve (optional)"], ["instruction", "In a medium saucepan, stir the clotted cream, butter, and cornflour over a low-ish heat and bring to a low simmer. Turn off the heat and keep warm."], ["created_at", "2020-04-23 07:04:03.818578"], ["updated_at", "2020-04-23 07:04:03.818578"]]
  [1m[35m (0.4ms)[0m  [1m[35mCOMMIT[0m
  [1m[35m (0.1ms)[0m  [1m[35mBEGIN[0m
  [1m[36mRecipe Create (0.2ms)[0m  [1m[32mINSERT INTO "recipes" ("name", "ingredients", "instruction", "created_at", "updated_at") VALUES ($1, $2, $3, $4, $5) RETURNING "id"[0m  [["name", "Recipe 8"], ["ingredients", "227g tub clotted cream, 25g butter, 1 tsp cornfour, 100g parmasan, grated nutmeg, 250g fresh fettuccine or tagliatelle, snipped chives or chopped parsley to serve (optional)"], ["instruction", "In a medium saucepan, stir the clotted cream, butter, and cornflour over a low-ish heat and bring to a low simmer. Turn off the heat and keep warm."], ["created_at", "2020-04-23 07:04:03.821859"], ["updated_at", "2020-04-23 07:04:03.821859"]]
  [1m[35m (0.4ms)[0m  [1m[35mCOMMIT[0m
  [1m[35m (0.1ms)[0m  [1m[35mBEGIN[0m
  [1m[36mRecipe Create (0.2ms)[0m  [1m[32mINSERT INTO "recipes" ("name", "ingredients", "instruction", "created_at", "updated_at") VALUES ($1, $2, $3, $4, $5) RETURNING "id"[0m  [["name", "Recipe 9"], ["ingredients", "227g tub clotted cream, 25g butter, 1 tsp cornfour, 100g parmasan, grated nutmeg, 250g fresh fettuccine or tagliatelle, snipped chives or chopped parsley to serve (optional)"], ["instruction", "In a medium saucepan, stir the clotted cream, butter, and cornflour over a low-ish heat and bring to a low simmer. Turn off the heat and keep warm."], ["created_at", "2020-04-23 07:04:03.825099"], ["updated_at", "2020-04-23 07:04:03.825099"]]
  [1m[35m (0.4ms)[0m  [1m[35mCOMMIT[0m
Started GET "/" for 127.0.0.1 at 2020-04-23 08:47:32 +0100
  [1m[35m (0.5ms)[0m  [1m[34mSELECT "schema_migrations"."version" FROM "schema_migrations" ORDER BY "schema_migrations"."version" ASC[0m
Processing by HomepageController#index as HTML
  Rendering homepage/index.html.erb within layouts/application
  Rendered homepage/index.html.erb within layouts/application (Duration: 1.6ms | Allocations: 190)
[Webpacker] Compiling...
[Webpacker] Compilation failed:
Hash: e426fafe7670134c7168
Version: webpack 4.43.0
Time: 3767ms
Built at: 23/04/2020 08:47:38
                                     Asset       Size       Chunks                         Chunk Names
          js/Index-2f96c58a18ca781fbc6b.js   2.56 MiB        Index  [emitted] [immutable]  Index
      js/Index-2f96c58a18ca781fbc6b.js.map   2.83 MiB        Index  [emitted] [dev]        Index
    js/application-bbe9c4a129ab949e0636.js    124 KiB  application  [emitted] [immutable]  application
js/application-bbe9c4a129ab949e0636.js.map    139 KiB  application  [emitted] [dev]        application
                             manifest.json  661 bytes               [emitted]              
Entrypoint application = js/application-bbe9c4a129ab949e0636.js js/application-bbe9c4a129ab949e0636.js.map
Entrypoint Index = js/Index-2f96c58a18ca781fbc6b.js js/Index-2f96c58a18ca781fbc6b.js.map
[./app/javascript/channels sync recursive _channel\.js$] ./app/javascript/channels sync _channel\.js$ 160 bytes {application} [built]
[./app/javascript/channels/index.js] 211 bytes {application} [built]
[./app/javascript/packs/Index.jsx] 664 bytes {Index} [built]
[./app/javascript/packs/application.js] 749 bytes {application} [built]
[./app/javascript/routes/Index.jsx] 996 bytes {Index} [built]
[./node_modules/webpack/buildin/global.js] (webpack)/buildin/global.js 905 bytes {Index} [built]
[./node_modules/webpack/buildin/module.js] (webpack)/buildin/module.js 552 bytes {application} {Index} [built]
    + 44 hidden modules

ERROR in ./app/javascript/components/Recipes.jsx
Module build failed (from ./node_modules/babel-loader/lib/index.js):
SyntaxError: /Users/andrew/Workspace/PDT/rails_react_recipe/app/javascript/components/Recipes.jsx: Unexpected token, expected ";" (22:15)

  20 |       })
  21 |       .then(response => this.setState({ recipes: response }))
> 22 |       .catch() => this.props.history.push("/");
     |                ^
  23 |   }
  24 | 
  25 |   render() {
    at Object._raise (/Users/andrew/Workspace/PDT/rails_react_recipe/node_modules/@babel/parser/lib/index.js:742:17)
    at Object.raiseWithData (/Users/andrew/Workspace/PDT/rails_react_recipe/node_modules/@babel/parser/lib/index.js:735:17)
    at Object.raise (/Users/andrew/Workspace/PDT/rails_react_recipe/node_modules/@babel/parser/lib/index.js:729:17)
    at Object.unexpected (/Users/andrew/Workspace/PDT/rails_react_recipe/node_modules/@babel/parser/lib/index.js:8757:16)
    at Object.semicolon (/Users/andrew/Workspace/PDT/rails_react_recipe/node_modules/@babel/parser/lib/index.js:8739:40)
    at Object.parseExpressionStatement (/Users/andrew/Workspace/PDT/rails_react_recipe/node_modules/@babel/parser/lib/index.js:11614:10)
    at Object.parseStatementContent (/Users/andrew/Workspace/PDT/rails_react_recipe/node_modules/@babel/parser/lib/index.js:11215:19)
    at Object.parseStatement (/Users/andrew/Workspace/PDT/rails_react_recipe/node_modules/@babel/parser/lib/index.js:11081:17)
    at Object.parseBlockOrModuleBlockBody (/Users/andrew/Workspace/PDT/rails_react_recipe/node_modules/@babel/parser/lib/index.js:11656:25)
    at Object.parseBlockBody (/Users/andrew/Workspace/PDT/rails_react_recipe/node_modules/@babel/parser/lib/index.js:11642:10)
    at Object.parseBlock (/Users/andrew/Workspace/PDT/rails_react_recipe/node_modules/@babel/parser/lib/index.js:11626:10)
    at Object.parseFunctionBody (/Users/andrew/Workspace/PDT/rails_react_recipe/node_modules/@babel/parser/lib/index.js:10634:24)
    at Object.parseFunctionBodyAndFinish (/Users/andrew/Workspace/PDT/rails_react_recipe/node_modules/@babel/parser/lib/index.js:10617:10)
    at Object.parseMethod (/Users/andrew/Workspace/PDT/rails_react_recipe/node_modules/@babel/parser/lib/index.js:10579:10)
    at Object.pushClassMethod (/Users/andrew/Workspace/PDT/rails_react_recipe/node_modules/@babel/parser/lib/index.js:12081:30)
    at Object.parseClassMemberWithIsStatic (/Users/andrew/Workspace/PDT/rails_react_recipe/node_modules/@babel/parser/lib/index.js:11998:12)
    at Object.parseClassMember (/Users/andrew/Workspace/PDT/rails_react_recipe/node_modules/@babel/parser/lib/index.js:11940:10)
    at /Users/andrew/Workspace/PDT/rails_react_recipe/node_modules/@babel/parser/lib/index.js:11885:14
    at Object.withTopicForbiddingContext (/Users/andrew/Workspace/PDT/rails_react_recipe/node_modules/@babel/parser/lib/index.js:10956:14)
    at Object.parseClassBody (/Users/andrew/Workspace/PDT/rails_react_recipe/node_modules/@babel/parser/lib/index.js:11862:10)
    at Object.parseClass (/Users/andrew/Workspace/PDT/rails_react_recipe/node_modules/@babel/parser/lib/index.js:11836:22)
    at Object.parseStatementContent (/Users/andrew/Workspace/PDT/rails_react_recipe/node_modules/@babel/parser/lib/index.js:11123:21)
    at Object.parseStatement (/Users/andrew/Workspace/PDT/rails_react_recipe/node_modules/@babel/parser/lib/index.js:11081:17)
    at Object.parseBlockOrModuleBlockBody (/Users/andrew/Workspace/PDT/rails_react_recipe/node_modules/@babel/parser/lib/index.js:11656:25)
    at Object.parseBlockBody (/Users/andrew/Workspace/PDT/rails_react_recipe/node_modules/@babel/parser/lib/index.js:11642:10)
    at Object.parseTopLevel (/Users/andrew/Workspace/PDT/rails_react_recipe/node_modules/@babel/parser/lib/index.js:11012:10)
    at Object.parse (/Users/andrew/Workspace/PDT/rails_react_recipe/node_modules/@babel/parser/lib/index.js:12637:10)
    at parse (/Users/andrew/Workspace/PDT/rails_react_recipe/node_modules/@babel/parser/lib/index.js:12688:38)
    at parser (/Users/andrew/Workspace/PDT/rails_react_recipe/node_modules/@babel/core/lib/parser/index.js:54:34)
    at parser.next (<anonymous>)
 @ ./app/javascript/routes/Index.jsx 5:0-44 33:13-20
 @ ./app/javascript/components/App.jsx
 @ ./app/javascript/packs/Index.jsx

[Webpacker] Everything's up-to-date. Nothing to do
Completed 200 OK in 5689ms (Views: 5677.1ms | ActiveRecord: 0.0ms | Allocations: 11085)


Started GET "/" for 127.0.0.1 at 2020-04-23 08:50:51 +0100
Processing by HomepageController#index as HTML
  Rendering homepage/index.html.erb within layouts/application
  Rendered homepage/index.html.erb within layouts/application (Duration: 0.0ms | Allocations: 5)
[Webpacker] Compiling...
[Webpacker] Compiled all packs in /Users/andrew/Workspace/PDT/rails_react_recipe/public/packs
[Webpacker] Hash: f831392bcd1bc40318ba
Version: webpack 4.43.0
Time: 3845ms
Built at: 23/04/2020 08:50:56
                                     Asset       Size       Chunks                         Chunk Names
          js/Index-69d4f386ecd363529694.js   2.57 MiB        Index  [emitted] [immutable]  Index
      js/Index-69d4f386ecd363529694.js.map   2.83 MiB        Index  [emitted] [dev]        Index
    js/application-bbe9c4a129ab949e0636.js    124 KiB  application  [emitted] [immutable]  application
js/application-bbe9c4a129ab949e0636.js.map    139 KiB  application  [emitted] [dev]        application
                             manifest.json  661 bytes               [emitted]              
Entrypoint application = js/application-bbe9c4a129ab949e0636.js js/application-bbe9c4a129ab949e0636.js.map
Entrypoint Index = js/Index-69d4f386ecd363529694.js js/Index-69d4f386ecd363529694.js.map
[./app/javascript/channels sync recursive _channel\.js$] ./app/javascript/channels sync _channel\.js$ 160 bytes {application} [built]
[./app/javascript/channels/index.js] 211 bytes {application} [built]
[./app/javascript/packs/Index.jsx] 664 bytes {Index} [built]
[./app/javascript/packs/application.js] 749 bytes {application} [built]
[./app/javascript/routes/Index.jsx] 996 bytes {Index} [built]
[./node_modules/webpack/buildin/global.js] (webpack)/buildin/global.js 905 bytes {Index} [built]
[./node_modules/webpack/buildin/module.js] (webpack)/buildin/module.js 552 bytes {application} {Index} [built]
    + 44 hidden modules

[Webpacker] Everything's up-to-date. Nothing to do
Completed 200 OK in 5798ms (Views: 5796.9ms | ActiveRecord: 0.0ms | Allocations: 6990)


Started GET "/api/v1/recipes/index" for 127.0.0.1 at 2020-04-23 08:51:04 +0100
Processing by Api::V1::RecipesController#index as */*
  [1m[36mRecipe Load (8.8ms)[0m  [1m[34mSELECT "recipes".* FROM "recipes" ORDER BY "recipes"."created_at" DESC[0m
  ↳ app/controllers/api/v1/recipes_controller.rb:4:in `index'
Completed 200 OK in 25ms (Views: 9.3ms | ActiveRecord: 13.0ms | Allocations: 7602)


Started GET "/api/v1/recipes/index" for 127.0.0.1 at 2020-04-23 08:51:22 +0100
Processing by Api::V1::RecipesController#index as */*
  [1m[36mRecipe Load (0.3ms)[0m  [1m[34mSELECT "recipes".* FROM "recipes" ORDER BY "recipes"."created_at" DESC[0m
  ↳ app/controllers/api/v1/recipes_controller.rb:4:in `index'
Completed 200 OK in 8ms (Views: 5.6ms | ActiveRecord: 0.3ms | Allocations: 2416)


Started GET "/api/v1/recipes/index" for 127.0.0.1 at 2020-04-23 08:51:30 +0100
Processing by Api::V1::RecipesController#index as */*
  [1m[36mRecipe Load (0.5ms)[0m  [1m[34mSELECT "recipes".* FROM "recipes" ORDER BY "recipes"."created_at" DESC[0m
  ↳ app/controllers/api/v1/recipes_controller.rb:4:in `index'
Completed 200 OK in 9ms (Views: 6.9ms | ActiveRecord: 0.5ms | Allocations: 2409)


Started GET "/recipe/9" for ::1 at 2020-04-23 14:33:25 +0100
  [1m[35m (1.7ms)[0m  [1m[34mSELECT "schema_migrations"."version" FROM "schema_migrations" ORDER BY "schema_migrations"."version" ASC[0m
Processing by HomepageController#index as HTML
  Parameters: {"path"=>"recipe/9"}
  Rendering homepage/index.html.erb within layouts/application
  Rendered homepage/index.html.erb within layouts/application (Duration: 1.8ms | Allocations: 190)
[Webpacker] Compiling...
[Webpacker] Compiled all packs in /Users/andrew/Workspace/PDT/rails_react_recipe/public/packs
[Webpacker] Hash: f831392bcd1bc40318ba
Version: webpack 4.43.0
Time: 3601ms
Built at: 23/04/2020 14:33:31
                                     Asset       Size       Chunks                         Chunk Names
          js/Index-69d4f386ecd363529694.js   2.57 MiB        Index  [emitted] [immutable]  Index
      js/Index-69d4f386ecd363529694.js.map   2.83 MiB        Index  [emitted] [dev]        Index
    js/application-bbe9c4a129ab949e0636.js    124 KiB  application  [emitted] [immutable]  application
js/application-bbe9c4a129ab949e0636.js.map    139 KiB  application  [emitted] [dev]        application
                             manifest.json  661 bytes               [emitted]              
Entrypoint application = js/application-bbe9c4a129ab949e0636.js js/application-bbe9c4a129ab949e0636.js.map
Entrypoint Index = js/Index-69d4f386ecd363529694.js js/Index-69d4f386ecd363529694.js.map
[./app/javascript/channels sync recursive _channel\.js$] ./app/javascript/channels sync _channel\.js$ 160 bytes {application} [built]
[./app/javascript/channels/index.js] 211 bytes {application} [built]
[./app/javascript/packs/Index.jsx] 664 bytes {Index} [built]
[./app/javascript/packs/application.js] 749 bytes {application} [built]
[./app/javascript/routes/Index.jsx] 996 bytes {Index} [built]
[./node_modules/webpack/buildin/global.js] (webpack)/buildin/global.js 905 bytes {Index} [built]
[./node_modules/webpack/buildin/module.js] (webpack)/buildin/module.js 552 bytes {application} {Index} [built]
    + 44 hidden modules

[Webpacker] Everything's up-to-date. Nothing to do
Completed 200 OK in 5573ms (Views: 5561.3ms | ActiveRecord: 0.0ms | Allocations: 10904)


Started GET "/recipes" for ::1 at 2020-04-23 14:33:37 +0100
Processing by HomepageController#index as HTML
  Parameters: {"path"=>"recipes"}
  Rendering homepage/index.html.erb within layouts/application
  Rendered homepage/index.html.erb within layouts/application (Duration: 0.0ms | Allocations: 5)
[Webpacker] Everything's up-to-date. Nothing to do
[Webpacker] Everything's up-to-date. Nothing to do
Completed 200 OK in 37ms (Views: 35.8ms | ActiveRecord: 0.0ms | Allocations: 5804)


Started GET "/api/v1/recipes/index" for ::1 at 2020-04-23 14:33:38 +0100
Processing by Api::V1::RecipesController#index as */*
  [1m[36mRecipe Load (1.3ms)[0m  [1m[34mSELECT "recipes".* FROM "recipes" ORDER BY "recipes"."created_at" DESC[0m
  ↳ app/controllers/api/v1/recipes_controller.rb:4:in `index'
Completed 200 OK in 37ms (Views: 18.4ms | ActiveRecord: 13.5ms | Allocations: 7616)


Started GET "/recipes" for ::1 at 2020-04-23 14:33:47 +0100
Processing by HomepageController#index as HTML
  Parameters: {"path"=>"recipes"}
  Rendering homepage/index.html.erb within layouts/application
  Rendered homepage/index.html.erb within layouts/application (Duration: 0.0ms | Allocations: 5)
[Webpacker] Everything's up-to-date. Nothing to do
[Webpacker] Everything's up-to-date. Nothing to do
Completed 200 OK in 14ms (Views: 13.7ms | ActiveRecord: 0.0ms | Allocations: 5800)


Started GET "/api/v1/recipes/index" for ::1 at 2020-04-23 14:33:47 +0100
Processing by Api::V1::RecipesController#index as */*
  [1m[36mRecipe Load (0.3ms)[0m  [1m[34mSELECT "recipes".* FROM "recipes" ORDER BY "recipes"."created_at" DESC[0m
  ↳ app/controllers/api/v1/recipes_controller.rb:4:in `index'
Completed 200 OK in 9ms (Views: 6.3ms | ActiveRecord: 0.3ms | Allocations: 2416)


  [1m[35m (0.5ms)[0m  [1m[34mSELECT "schema_migrations"."version" FROM "schema_migrations" ORDER BY "schema_migrations"."version" ASC[0m
  [1m[35m (0.1ms)[0m  [1m[35mBEGIN[0m
  [1m[36mRecipe Create (1.4ms)[0m  [1m[32mINSERT INTO "recipes" ("name", "ingredients", "instruction", "created_at", "updated_at") VALUES ($1, $2, $3, $4, $5) RETURNING "id"[0m  [["name", "Recipe 1"], ["ingredients", "227g tub clotted cream, 25g butter, 1 tsp cornfour, 100g parmasan, grated nutmeg, 250g fresh fettuccine or tagliatelle, snipped chives or chopped parsley to serve (optional)"], ["instruction", "In a medium saucepan, stir the clotted cream, butter, and cornflour over a low-ish heat and bring to a low simmer. Turn off the heat and keep warm."], ["created_at", "2020-04-23 13:34:24.823857"], ["updated_at", "2020-04-23 13:34:24.823857"]]
  [1m[35m (1.6ms)[0m  [1m[35mCOMMIT[0m
  [1m[35m (0.1ms)[0m  [1m[35mBEGIN[0m
  [1m[36mRecipe Create (0.3ms)[0m  [1m[32mINSERT INTO "recipes" ("name", "ingredients", "instruction", "created_at", "updated_at") VALUES ($1, $2, $3, $4, $5) RETURNING "id"[0m  [["name", "Recipe 2"], ["ingredients", "227g tub clotted cream, 25g butter, 1 tsp cornfour, 100g parmasan, grated nutmeg, 250g fresh fettuccine or tagliatelle, snipped chives or chopped parsley to serve (optional)"], ["instruction", "In a medium saucepan, stir the clotted cream, butter, and cornflour over a low-ish heat and bring to a low simmer. Turn off the heat and keep warm."], ["created_at", "2020-04-23 13:34:24.831057"], ["updated_at", "2020-04-23 13:34:24.831057"]]
  [1m[35m (0.5ms)[0m  [1m[35mCOMMIT[0m
  [1m[35m (0.1ms)[0m  [1m[35mBEGIN[0m
  [1m[36mRecipe Create (0.3ms)[0m  [1m[32mINSERT INTO "recipes" ("name", "ingredients", "instruction", "created_at", "updated_at") VALUES ($1, $2, $3, $4, $5) RETURNING "id"[0m  [["name", "Recipe 3"], ["ingredients", "227g tub clotted cream, 25g butter, 1 tsp cornfour, 100g parmasan, grated nutmeg, 250g fresh fettuccine or tagliatelle, snipped chives or chopped parsley to serve (optional)"], ["instruction", "In a medium saucepan, stir the clotted cream, butter, and cornflour over a low-ish heat and bring to a low simmer. Turn off the heat and keep warm."], ["created_at", "2020-04-23 13:34:24.848447"], ["updated_at", "2020-04-23 13:34:24.848447"]]
  [1m[35m (0.5ms)[0m  [1m[35mCOMMIT[0m
  [1m[35m (0.1ms)[0m  [1m[35mBEGIN[0m
  [1m[36mRecipe Create (0.2ms)[0m  [1m[32mINSERT INTO "recipes" ("name", "ingredients", "instruction", "created_at", "updated_at") VALUES ($1, $2, $3, $4, $5) RETURNING "id"[0m  [["name", "Recipe 4"], ["ingredients", "227g tub clotted cream, 25g butter, 1 tsp cornfour, 100g parmasan, grated nutmeg, 250g fresh fettuccine or tagliatelle, snipped chives or chopped parsley to serve (optional)"], ["instruction", "In a medium saucepan, stir the clotted cream, butter, and cornflour over a low-ish heat and bring to a low simmer. Turn off the heat and keep warm."], ["created_at", "2020-04-23 13:34:24.852537"], ["updated_at", "2020-04-23 13:34:24.852537"]]
  [1m[35m (0.5ms)[0m  [1m[35mCOMMIT[0m
  [1m[35m (0.1ms)[0m  [1m[35mBEGIN[0m
  [1m[36mRecipe Create (0.3ms)[0m  [1m[32mINSERT INTO "recipes" ("name", "ingredients", "instruction", "created_at", "updated_at") VALUES ($1, $2, $3, $4, $5) RETURNING "id"[0m  [["name", "Recipe 5"], ["ingredients", "227g tub clotted cream, 25g butter, 1 tsp cornfour, 100g parmasan, grated nutmeg, 250g fresh fettuccine or tagliatelle, snipped chives or chopped parsley to serve (optional)"], ["instruction", "In a medium saucepan, stir the clotted cream, butter, and cornflour over a low-ish heat and bring to a low simmer. Turn off the heat and keep warm."], ["created_at", "2020-04-23 13:34:24.856459"], ["updated_at", "2020-04-23 13:34:24.856459"]]
  [1m[35m (0.5ms)[0m  [1m[35mCOMMIT[0m
  [1m[35m (0.1ms)[0m  [1m[35mBEGIN[0m
  [1m[36mRecipe Create (0.3ms)[0m  [1m[32mINSERT INTO "recipes" ("name", "ingredients", "instruction", "created_at", "updated_at") VALUES ($1, $2, $3, $4, $5) RETURNING "id"[0m  [["name", "Recipe 6"], ["ingredients", "227g tub clotted cream, 25g butter, 1 tsp cornfour, 100g parmasan, grated nutmeg, 250g fresh fettuccine or tagliatelle, snipped chives or chopped parsley to serve (optional)"], ["instruction", "In a medium saucepan, stir the clotted cream, butter, and cornflour over a low-ish heat and bring to a low simmer. Turn off the heat and keep warm."], ["created_at", "2020-04-23 13:34:24.860550"], ["updated_at", "2020-04-23 13:34:24.860550"]]
  [1m[35m (0.4ms)[0m  [1m[35mCOMMIT[0m
  [1m[35m (0.1ms)[0m  [1m[35mBEGIN[0m
  [1m[36mRecipe Create (0.3ms)[0m  [1m[32mINSERT INTO "recipes" ("name", "ingredients", "instruction", "created_at", "updated_at") VALUES ($1, $2, $3, $4, $5) RETURNING "id"[0m  [["name", "Recipe 7"], ["ingredients", "227g tub clotted cream, 25g butter, 1 tsp cornfour, 100g parmasan, grated nutmeg, 250g fresh fettuccine or tagliatelle, snipped chives or chopped parsley to serve (optional)"], ["instruction", "In a medium saucepan, stir the clotted cream, butter, and cornflour over a low-ish heat and bring to a low simmer. Turn off the heat and keep warm."], ["created_at", "2020-04-23 13:34:24.864242"], ["updated_at", "2020-04-23 13:34:24.864242"]]
  [1m[35m (0.4ms)[0m  [1m[35mCOMMIT[0m
  [1m[35m (0.1ms)[0m  [1m[35mBEGIN[0m
  [1m[36mRecipe Create (0.6ms)[0m  [1m[32mINSERT INTO "recipes" ("name", "ingredients", "instruction", "created_at", "updated_at") VALUES ($1, $2, $3, $4, $5) RETURNING "id"[0m  [["name", "Recipe 8"], ["ingredients", "227g tub clotted cream, 25g butter, 1 tsp cornfour, 100g parmasan, grated nutmeg, 250g fresh fettuccine or tagliatelle, snipped chives or chopped parsley to serve (optional)"], ["instruction", "In a medium saucepan, stir the clotted cream, butter, and cornflour over a low-ish heat and bring to a low simmer. Turn off the heat and keep warm."], ["created_at", "2020-04-23 13:34:24.868108"], ["updated_at", "2020-04-23 13:34:24.868108"]]
  [1m[35m (0.5ms)[0m  [1m[35mCOMMIT[0m
  [1m[35m (0.1ms)[0m  [1m[35mBEGIN[0m
  [1m[36mRecipe Create (0.3ms)[0m  [1m[32mINSERT INTO "recipes" ("name", "ingredients", "instruction", "created_at", "updated_at") VALUES ($1, $2, $3, $4, $5) RETURNING "id"[0m  [["name", "Recipe 9"], ["ingredients", "227g tub clotted cream, 25g butter, 1 tsp cornfour, 100g parmasan, grated nutmeg, 250g fresh fettuccine or tagliatelle, snipped chives or chopped parsley to serve (optional)"], ["instruction", "In a medium saucepan, stir the clotted cream, butter, and cornflour over a low-ish heat and bring to a low simmer. Turn off the heat and keep warm."], ["created_at", "2020-04-23 13:34:24.872466"], ["updated_at", "2020-04-23 13:34:24.872466"]]
  [1m[35m (0.5ms)[0m  [1m[35mCOMMIT[0m
Started GET "/recipes" for ::1 at 2020-04-23 14:34:39 +0100
Processing by HomepageController#index as HTML
  Parameters: {"path"=>"recipes"}
  Rendering homepage/index.html.erb within layouts/application
  Rendered homepage/index.html.erb within layouts/application (Duration: 0.0ms | Allocations: 5)
[Webpacker] Everything's up-to-date. Nothing to do
[Webpacker] Everything's up-to-date. Nothing to do
Completed 200 OK in 22ms (Views: 21.5ms | ActiveRecord: 0.0ms | Allocations: 5794)


Started GET "/api/v1/recipes/index" for ::1 at 2020-04-23 14:34:39 +0100
Processing by Api::V1::RecipesController#index as */*
  [1m[36mRecipe Load (0.5ms)[0m  [1m[34mSELECT "recipes".* FROM "recipes" ORDER BY "recipes"."created_at" DESC[0m
  ↳ app/controllers/api/v1/recipes_controller.rb:4:in `index'
Completed 200 OK in 8ms (Views: 5.6ms | ActiveRecord: 0.5ms | Allocations: 3784)


Started GET "/recipes" for ::1 at 2020-04-23 14:34:41 +0100
Processing by HomepageController#index as HTML
  Parameters: {"path"=>"recipes"}
  Rendering homepage/index.html.erb within layouts/application
  Rendered homepage/index.html.erb within layouts/application (Duration: 0.1ms | Allocations: 4)
[Webpacker] Everything's up-to-date. Nothing to do
[Webpacker] Everything's up-to-date. Nothing to do
Completed 200 OK in 13ms (Views: 12.1ms | ActiveRecord: 0.0ms | Allocations: 5797)


Started GET "/api/v1/recipes/index" for ::1 at 2020-04-23 14:34:41 +0100
Processing by Api::V1::RecipesController#index as */*
  [1m[36mRecipe Load (0.6ms)[0m  [1m[34mSELECT "recipes".* FROM "recipes" ORDER BY "recipes"."created_at" DESC[0m
  ↳ app/controllers/api/v1/recipes_controller.rb:4:in `index'
Completed 200 OK in 9ms (Views: 7.8ms | ActiveRecord: 0.6ms | Allocations: 3785)


  [1m[35m (0.5ms)[0m  [1m[34mSELECT "schema_migrations"."version" FROM "schema_migrations" ORDER BY "schema_migrations"."version" ASC[0m
  [1m[35m (6.9ms)[0m  [1m[34mSELECT "ar_internal_metadata"."value" FROM "ar_internal_metadata" WHERE "ar_internal_metadata"."key" = $1[0m  [["key", "environment"]]
  [1m[35m (0.2ms)[0m  [1m[34mSELECT "schema_migrations"."version" FROM "schema_migrations" ORDER BY "schema_migrations"."version" ASC[0m
  [1m[35m (0.2ms)[0m  [1m[34mSELECT "ar_internal_metadata"."value" FROM "ar_internal_metadata" WHERE "ar_internal_metadata"."key" = $1[0m  [["key", "environment"]]
  [1m[35m (0.2ms)[0m  [1m[34mSELECT "schema_migrations"."version" FROM "schema_migrations" ORDER BY "schema_migrations"."version" ASC[0m
  [1m[35m (0.2ms)[0m  [1m[34mSELECT "ar_internal_metadata"."value" FROM "ar_internal_metadata" WHERE "ar_internal_metadata"."key" = $1[0m  [["key", "environment"]]
  [1m[35m (6829.6ms)[0m  [1m[35mDROP DATABASE IF EXISTS "rails_react_recipe_development"[0m
  [1m[35m (0.7ms)[0m  [1m[34mSELECT "schema_migrations"."version" FROM "schema_migrations" ORDER BY "schema_migrations"."version" ASC[0m
  [1m[35m (0.3ms)[0m  [1m[34mSELECT "ar_internal_metadata"."value" FROM "ar_internal_metadata" WHERE "ar_internal_metadata"."key" = $1[0m  [["key", "environment"]]
  [1m[35m (0.2ms)[0m  [1m[34mSELECT "schema_migrations"."version" FROM "schema_migrations" ORDER BY "schema_migrations"."version" ASC[0m
  [1m[35m (0.4ms)[0m  [1m[34mSELECT "ar_internal_metadata"."value" FROM "ar_internal_metadata" WHERE "ar_internal_metadata"."key" = $1[0m  [["key", "environment"]]
  [1m[35m (0.4ms)[0m  [1m[34mSELECT "schema_migrations"."version" FROM "schema_migrations" ORDER BY "schema_migrations"."version" ASC[0m
  [1m[35m (0.9ms)[0m  [1m[34mSELECT "ar_internal_metadata"."value" FROM "ar_internal_metadata" WHERE "ar_internal_metadata"."key" = $1[0m  [["key", "environment"]]
  [1m[35m (7314.3ms)[0m  [1m[35mDROP DATABASE IF EXISTS "rails_react_recipe_development"[0m
  [1m[35m (0.6ms)[0m  [1m[34mSELECT "schema_migrations"."version" FROM "schema_migrations" ORDER BY "schema_migrations"."version" ASC[0m
  [1m[35m (0.3ms)[0m  [1m[34mSELECT "ar_internal_metadata"."value" FROM "ar_internal_metadata" WHERE "ar_internal_metadata"."key" = $1[0m  [["key", "environment"]]
  [1m[35m (0.2ms)[0m  [1m[34mSELECT "schema_migrations"."version" FROM "schema_migrations" ORDER BY "schema_migrations"."version" ASC[0m
  [1m[35m (0.2ms)[0m  [1m[34mSELECT "ar_internal_metadata"."value" FROM "ar_internal_metadata" WHERE "ar_internal_metadata"."key" = $1[0m  [["key", "environment"]]
  [1m[35m (0.2ms)[0m  [1m[34mSELECT "schema_migrations"."version" FROM "schema_migrations" ORDER BY "schema_migrations"."version" ASC[0m
  [1m[35m (0.2ms)[0m  [1m[34mSELECT "ar_internal_metadata"."value" FROM "ar_internal_metadata" WHERE "ar_internal_metadata"."key" = $1[0m  [["key", "environment"]]
  [1m[35m (225.6ms)[0m  [1m[35mDROP DATABASE IF EXISTS "rails_react_recipe_development"[0m
  [1m[35m (214.0ms)[0m  [1m[35mDROP DATABASE IF EXISTS "rails_react_recipe_test"[0m
  [1m[35m (545.8ms)[0m  [1m[35mCREATE DATABASE "rails_react_recipe_development" ENCODING = 'unicode'[0m
  [1m[35m (391.1ms)[0m  [1m[35mCREATE DATABASE "rails_react_recipe_test" ENCODING = 'unicode'[0m
  [1m[35mSQL (1.4ms)[0m  [1m[35mCREATE EXTENSION IF NOT EXISTS "plpgsql"[0m
  [1m[35m (0.5ms)[0m  [1m[35mDROP TABLE IF EXISTS "recipes" CASCADE[0m
  [1m[35m (7.4ms)[0m  [1m[35mCREATE TABLE "recipes" ("id" bigserial primary key, "name" character varying NOT NULL, "ingredients" text NOT NULL, "instruction" text NOT NULL, "image" character varying DEFAULT 'https://raw.githubusercontent.com/do-community/react_rails_recipe/master/app/assets/images/Sammy_Meal.jpg', "created_at" timestamp(6) NOT NULL, "updated_at" timestamp(6) NOT NULL)[0m
  [1m[35m (4.1ms)[0m  [1m[35mCREATE TABLE "schema_migrations" ("version" character varying NOT NULL PRIMARY KEY)[0m
  [1m[35m (0.5ms)[0m  [1m[34mSELECT "schema_migrations"."version" FROM "schema_migrations" ORDER BY "schema_migrations"."version" ASC[0m
  [1m[35m (0.7ms)[0m  [1m[32mINSERT INTO "schema_migrations" (version) VALUES (20200423063312)[0m
  [1m[35m (3.0ms)[0m  [1m[35mCREATE TABLE "ar_internal_metadata" ("key" character varying NOT NULL PRIMARY KEY, "value" character varying, "created_at" timestamp(6) NOT NULL, "updated_at" timestamp(6) NOT NULL)[0m
  [1m[36mActiveRecord::InternalMetadata Load (0.3ms)[0m  [1m[34mSELECT "ar_internal_metadata".* FROM "ar_internal_metadata" WHERE "ar_internal_metadata"."key" = $1 LIMIT $2[0m  [["key", "environment"], ["LIMIT", 1]]
  [1m[35m (0.2ms)[0m  [1m[35mBEGIN[0m
  [1m[36mActiveRecord::InternalMetadata Create (0.5ms)[0m  [1m[32mINSERT INTO "ar_internal_metadata" ("key", "value", "created_at", "updated_at") VALUES ($1, $2, $3, $4) RETURNING "key"[0m  [["key", "environment"], ["value", "development"], ["created_at", "2020-04-23 13:38:46.874844"], ["updated_at", "2020-04-23 13:38:46.874844"]]
  [1m[35m (0.4ms)[0m  [1m[35mCOMMIT[0m
  [1m[36mActiveRecord::InternalMetadata Load (0.2ms)[0m  [1m[34mSELECT "ar_internal_metadata".* FROM "ar_internal_metadata" WHERE "ar_internal_metadata"."key" = $1 LIMIT $2[0m  [["key", "environment"], ["LIMIT", 1]]
  [1m[36mActiveRecord::InternalMetadata Load (0.2ms)[0m  [1m[34mSELECT "ar_internal_metadata".* FROM "ar_internal_metadata" WHERE "ar_internal_metadata"."key" = $1 LIMIT $2[0m  [["key", "schema_sha1"], ["LIMIT", 1]]
  [1m[35m (0.1ms)[0m  [1m[35mBEGIN[0m
  [1m[36mActiveRecord::InternalMetadata Create (0.3ms)[0m  [1m[32mINSERT INTO "ar_internal_metadata" ("key", "value", "created_at", "updated_at") VALUES ($1, $2, $3, $4) RETURNING "key"[0m  [["key", "schema_sha1"], ["value", "12d2bf2c8a25438dd2c7a6e117feae31511317e5"], ["created_at", "2020-04-23 13:38:46.890896"], ["updated_at", "2020-04-23 13:38:46.890896"]]
  [1m[35m (0.5ms)[0m  [1m[35mCOMMIT[0m
  [1m[35mSQL (0.3ms)[0m  [1m[35mCREATE EXTENSION IF NOT EXISTS "plpgsql"[0m
  [1m[35m (0.2ms)[0m  [1m[35mDROP TABLE IF EXISTS "recipes" CASCADE[0m
  [1m[35m (8.7ms)[0m  [1m[35mCREATE TABLE "recipes" ("id" bigserial primary key, "name" character varying NOT NULL, "ingredients" text NOT NULL, "instruction" text NOT NULL, "image" character varying DEFAULT 'https://raw.githubusercontent.com/do-community/react_rails_recipe/master/app/assets/images/Sammy_Meal.jpg', "created_at" timestamp(6) NOT NULL, "updated_at" timestamp(6) NOT NULL)[0m
  [1m[35m (3.1ms)[0m  [1m[35mCREATE TABLE "schema_migrations" ("version" character varying NOT NULL PRIMARY KEY)[0m
  [1m[35m (0.4ms)[0m  [1m[34mSELECT "schema_migrations"."version" FROM "schema_migrations" ORDER BY "schema_migrations"."version" ASC[0m
  [1m[35m (0.8ms)[0m  [1m[32mINSERT INTO "schema_migrations" (version) VALUES (20200423063312)[0m
  [1m[35m (3.4ms)[0m  [1m[35mCREATE TABLE "ar_internal_metadata" ("key" character varying NOT NULL PRIMARY KEY, "value" character varying, "created_at" timestamp(6) NOT NULL, "updated_at" timestamp(6) NOT NULL)[0m
  [1m[36mActiveRecord::InternalMetadata Load (0.4ms)[0m  [1m[34mSELECT "ar_internal_metadata".* FROM "ar_internal_metadata" WHERE "ar_internal_metadata"."key" = $1 LIMIT $2[0m  [["key", "environment"], ["LIMIT", 1]]
  [1m[35m (0.2ms)[0m  [1m[35mBEGIN[0m
  [1m[36mActiveRecord::InternalMetadata Create (0.5ms)[0m  [1m[32mINSERT INTO "ar_internal_metadata" ("key", "value", "created_at", "updated_at") VALUES ($1, $2, $3, $4) RETURNING "key"[0m  [["key", "environment"], ["value", "development"], ["created_at", "2020-04-23 13:38:46.981136"], ["updated_at", "2020-04-23 13:38:46.981136"]]
  [1m[35m (0.5ms)[0m  [1m[35mCOMMIT[0m
  [1m[36mActiveRecord::InternalMetadata Load (0.3ms)[0m  [1m[34mSELECT "ar_internal_metadata".* FROM "ar_internal_metadata" WHERE "ar_internal_metadata"."key" = $1 LIMIT $2[0m  [["key", "environment"], ["LIMIT", 1]]
  [1m[35m (0.1ms)[0m  [1m[35mBEGIN[0m
  [1m[36mActiveRecord::InternalMetadata Update (1.5ms)[0m  [1m[33mUPDATE "ar_internal_metadata" SET "value" = $1, "updated_at" = $2 WHERE "ar_internal_metadata"."key" = $3[0m  [["value", "test"], ["updated_at", "2020-04-23 13:38:46.999857"], ["key", "environment"]]
  [1m[35m (0.5ms)[0m  [1m[35mCOMMIT[0m
  [1m[36mActiveRecord::InternalMetadata Load (0.2ms)[0m  [1m[34mSELECT "ar_internal_metadata".* FROM "ar_internal_metadata" WHERE "ar_internal_metadata"."key" = $1 LIMIT $2[0m  [["key", "schema_sha1"], ["LIMIT", 1]]
  [1m[35m (0.1ms)[0m  [1m[35mBEGIN[0m
  [1m[36mActiveRecord::InternalMetadata Create (0.2ms)[0m  [1m[32mINSERT INTO "ar_internal_metadata" ("key", "value", "created_at", "updated_at") VALUES ($1, $2, $3, $4) RETURNING "key"[0m  [["key", "schema_sha1"], ["value", "12d2bf2c8a25438dd2c7a6e117feae31511317e5"], ["created_at", "2020-04-23 13:38:47.007444"], ["updated_at", "2020-04-23 13:38:47.007444"]]
  [1m[35m (0.5ms)[0m  [1m[35mCOMMIT[0m
  [1m[35m (0.8ms)[0m  [1m[34mSELECT "schema_migrations"."version" FROM "schema_migrations" ORDER BY "schema_migrations"."version" ASC[0m
  [1m[35m (0.1ms)[0m  [1m[35mBEGIN[0m
  [1m[36mRecipe Create (0.7ms)[0m  [1m[32mINSERT INTO "recipes" ("name", "ingredients", "instruction", "created_at", "updated_at") VALUES ($1, $2, $3, $4, $5) RETURNING "id"[0m  [["name", "Recipe 1"], ["ingredients", "227g tub clotted cream, 25g butter, 1 tsp cornfour, 100g parmasan, grated nutmeg, 250g fresh fettuccine or tagliatelle, snipped chives or chopped parsley to serve (optional)"], ["instruction", "In a medium saucepan, stir the clotted cream, butter, and cornflour over a low-ish heat and bring to a low simmer. Turn off the heat and keep warm."], ["created_at", "2020-04-23 13:38:47.053329"], ["updated_at", "2020-04-23 13:38:47.053329"]]
  [1m[35m (0.5ms)[0m  [1m[35mCOMMIT[0m
  [1m[35m (0.1ms)[0m  [1m[35mBEGIN[0m
  [1m[36mRecipe Create (0.3ms)[0m  [1m[32mINSERT INTO "recipes" ("name", "ingredients", "instruction", "created_at", "updated_at") VALUES ($1, $2, $3, $4, $5) RETURNING "id"[0m  [["name", "Recipe 2"], ["ingredients", "227g tub clotted cream, 25g butter, 1 tsp cornfour, 100g parmasan, grated nutmeg, 250g fresh fettuccine or tagliatelle, snipped chives or chopped parsley to serve (optional)"], ["instruction", "In a medium saucepan, stir the clotted cream, butter, and cornflour over a low-ish heat and bring to a low simmer. Turn off the heat and keep warm."], ["created_at", "2020-04-23 13:38:47.058102"], ["updated_at", "2020-04-23 13:38:47.058102"]]
  [1m[35m (0.5ms)[0m  [1m[35mCOMMIT[0m
  [1m[35m (0.1ms)[0m  [1m[35mBEGIN[0m
  [1m[36mRecipe Create (0.3ms)[0m  [1m[32mINSERT INTO "recipes" ("name", "ingredients", "instruction", "created_at", "updated_at") VALUES ($1, $2, $3, $4, $5) RETURNING "id"[0m  [["name", "Recipe 3"], ["ingredients", "227g tub clotted cream, 25g butter, 1 tsp cornfour, 100g parmasan, grated nutmeg, 250g fresh fettuccine or tagliatelle, snipped chives or chopped parsley to serve (optional)"], ["instruction", "In a medium saucepan, stir the clotted cream, butter, and cornflour over a low-ish heat and bring to a low simmer. Turn off the heat and keep warm."], ["created_at", "2020-04-23 13:38:47.062064"], ["updated_at", "2020-04-23 13:38:47.062064"]]
  [1m[35m (0.5ms)[0m  [1m[35mCOMMIT[0m
  [1m[35m (0.1ms)[0m  [1m[35mBEGIN[0m
  [1m[36mRecipe Create (0.3ms)[0m  [1m[32mINSERT INTO "recipes" ("name", "ingredients", "instruction", "created_at", "updated_at") VALUES ($1, $2, $3, $4, $5) RETURNING "id"[0m  [["name", "Recipe 4"], ["ingredients", "227g tub clotted cream, 25g butter, 1 tsp cornfour, 100g parmasan, grated nutmeg, 250g fresh fettuccine or tagliatelle, snipped chives or chopped parsley to serve (optional)"], ["instruction", "In a medium saucepan, stir the clotted cream, butter, and cornflour over a low-ish heat and bring to a low simmer. Turn off the heat and keep warm."], ["created_at", "2020-04-23 13:38:47.066130"], ["updated_at", "2020-04-23 13:38:47.066130"]]
  [1m[35m (0.5ms)[0m  [1m[35mCOMMIT[0m
  [1m[35m (0.1ms)[0m  [1m[35mBEGIN[0m
  [1m[36mRecipe Create (0.2ms)[0m  [1m[32mINSERT INTO "recipes" ("name", "ingredients", "instruction", "created_at", "updated_at") VALUES ($1, $2, $3, $4, $5) RETURNING "id"[0m  [["name", "Recipe 5"], ["ingredients", "227g tub clotted cream, 25g butter, 1 tsp cornfour, 100g parmasan, grated nutmeg, 250g fresh fettuccine or tagliatelle, snipped chives or chopped parsley to serve (optional)"], ["instruction", "In a medium saucepan, stir the clotted cream, butter, and cornflour over a low-ish heat and bring to a low simmer. Turn off the heat and keep warm."], ["created_at", "2020-04-23 13:38:47.070394"], ["updated_at", "2020-04-23 13:38:47.070394"]]
  [1m[35m (0.5ms)[0m  [1m[35mCOMMIT[0m
  [1m[35m (0.1ms)[0m  [1m[35mBEGIN[0m
  [1m[36mRecipe Create (0.2ms)[0m  [1m[32mINSERT INTO "recipes" ("name", "ingredients", "instruction", "created_at", "updated_at") VALUES ($1, $2, $3, $4, $5) RETURNING "id"[0m  [["name", "Recipe 6"], ["ingredients", "227g tub clotted cream, 25g butter, 1 tsp cornfour, 100g parmasan, grated nutmeg, 250g fresh fettuccine or tagliatelle, snipped chives or chopped parsley to serve (optional)"], ["instruction", "In a medium saucepan, stir the clotted cream, butter, and cornflour over a low-ish heat and bring to a low simmer. Turn off the heat and keep warm."], ["created_at", "2020-04-23 13:38:47.074159"], ["updated_at", "2020-04-23 13:38:47.074159"]]
  [1m[35m (0.5ms)[0m  [1m[35mCOMMIT[0m
  [1m[35m (0.1ms)[0m  [1m[35mBEGIN[0m
  [1m[36mRecipe Create (0.3ms)[0m  [1m[32mINSERT INTO "recipes" ("name", "ingredients", "instruction", "created_at", "updated_at") VALUES ($1, $2, $3, $4, $5) RETURNING "id"[0m  [["name", "Recipe 7"], ["ingredients", "227g tub clotted cream, 25g butter, 1 tsp cornfour, 100g parmasan, grated nutmeg, 250g fresh fettuccine or tagliatelle, snipped chives or chopped parsley to serve (optional)"], ["instruction", "In a medium saucepan, stir the clotted cream, butter, and cornflour over a low-ish heat and bring to a low simmer. Turn off the heat and keep warm."], ["created_at", "2020-04-23 13:38:47.078008"], ["updated_at", "2020-04-23 13:38:47.078008"]]
  [1m[35m (0.5ms)[0m  [1m[35mCOMMIT[0m
  [1m[35m (0.1ms)[0m  [1m[35mBEGIN[0m
  [1m[36mRecipe Create (0.4ms)[0m  [1m[32mINSERT INTO "recipes" ("name", "ingredients", "instruction", "created_at", "updated_at") VALUES ($1, $2, $3, $4, $5) RETURNING "id"[0m  [["name", "Recipe 8"], ["ingredients", "227g tub clotted cream, 25g butter, 1 tsp cornfour, 100g parmasan, grated nutmeg, 250g fresh fettuccine or tagliatelle, snipped chives or chopped parsley to serve (optional)"], ["instruction", "In a medium saucepan, stir the clotted cream, butter, and cornflour over a low-ish heat and bring to a low simmer. Turn off the heat and keep warm."], ["created_at", "2020-04-23 13:38:47.082264"], ["updated_at", "2020-04-23 13:38:47.082264"]]
  [1m[35m (0.5ms)[0m  [1m[35mCOMMIT[0m
  [1m[35m (0.1ms)[0m  [1m[35mBEGIN[0m
  [1m[36mRecipe Create (0.3ms)[0m  [1m[32mINSERT INTO "recipes" ("name", "ingredients", "instruction", "created_at", "updated_at") VALUES ($1, $2, $3, $4, $5) RETURNING "id"[0m  [["name", "Recipe 9"], ["ingredients", "227g tub clotted cream, 25g butter, 1 tsp cornfour, 100g parmasan, grated nutmeg, 250g fresh fettuccine or tagliatelle, snipped chives or chopped parsley to serve (optional)"], ["instruction", "In a medium saucepan, stir the clotted cream, butter, and cornflour over a low-ish heat and bring to a low simmer. Turn off the heat and keep warm."], ["created_at", "2020-04-23 13:38:47.086561"], ["updated_at", "2020-04-23 13:38:47.086561"]]
  [1m[35m (0.5ms)[0m  [1m[35mCOMMIT[0m
  [1m[35m (0.9ms)[0m  [1m[34mSELECT "schema_migrations"."version" FROM "schema_migrations" ORDER BY "schema_migrations"."version" ASC[0m
  [1m[35m (0.1ms)[0m  [1m[35mBEGIN[0m
  [1m[36mRecipe Create (0.6ms)[0m  [1m[32mINSERT INTO "recipes" ("name", "ingredients", "instruction", "created_at", "updated_at") VALUES ($1, $2, $3, $4, $5) RETURNING "id"[0m  [["name", "Recipe 1"], ["ingredients", "227g tub clotted cream, 25g butter, 1 tsp cornfour, 100g parmasan, grated nutmeg, 250g fresh fettuccine or tagliatelle, snipped chives or chopped parsley to serve (optional)"], ["instruction", "In a medium saucepan, stir the clotted cream, butter, and cornflour over a low-ish heat and bring to a low simmer. Turn off the heat and keep warm."], ["created_at", "2020-04-23 13:39:27.670204"], ["updated_at", "2020-04-23 13:39:27.670204"]]
  [1m[35m (5.9ms)[0m  [1m[35mCOMMIT[0m
  [1m[35m (0.2ms)[0m  [1m[35mBEGIN[0m
  [1m[36mRecipe Create (0.7ms)[0m  [1m[32mINSERT INTO "recipes" ("name", "ingredients", "instruction", "created_at", "updated_at") VALUES ($1, $2, $3, $4, $5) RETURNING "id"[0m  [["name", "Recipe 2"], ["ingredients", "227g tub clotted cream, 25g butter, 1 tsp cornfour, 100g parmasan, grated nutmeg, 250g fresh fettuccine or tagliatelle, snipped chives or chopped parsley to serve (optional)"], ["instruction", "In a medium saucepan, stir the clotted cream, butter, and cornflour over a low-ish heat and bring to a low simmer. Turn off the heat and keep warm."], ["created_at", "2020-04-23 13:39:27.681067"], ["updated_at", "2020-04-23 13:39:27.681067"]]
  [1m[35m (0.5ms)[0m  [1m[35mCOMMIT[0m
  [1m[35m (0.1ms)[0m  [1m[35mBEGIN[0m
  [1m[36mRecipe Create (0.5ms)[0m  [1m[32mINSERT INTO "recipes" ("name", "ingredients", "instruction", "created_at", "updated_at") VALUES ($1, $2, $3, $4, $5) RETURNING "id"[0m  [["name", "Recipe 3"], ["ingredients", "227g tub clotted cream, 25g butter, 1 tsp cornfour, 100g parmasan, grated nutmeg, 250g fresh fettuccine or tagliatelle, snipped chives or chopped parsley to serve (optional)"], ["instruction", "In a medium saucepan, stir the clotted cream, butter, and cornflour over a low-ish heat and bring to a low simmer. Turn off the heat and keep warm."], ["created_at", "2020-04-23 13:39:27.687493"], ["updated_at", "2020-04-23 13:39:27.687493"]]
  [1m[35m (0.5ms)[0m  [1m[35mCOMMIT[0m
  [1m[35m (0.2ms)[0m  [1m[35mBEGIN[0m
  [1m[36mRecipe Create (0.3ms)[0m  [1m[32mINSERT INTO "recipes" ("name", "ingredients", "instruction", "created_at", "updated_at") VALUES ($1, $2, $3, $4, $5) RETURNING "id"[0m  [["name", "Recipe 4"], ["ingredients", "227g tub clotted cream, 25g butter, 1 tsp cornfour, 100g parmasan, grated nutmeg, 250g fresh fettuccine or tagliatelle, snipped chives or chopped parsley to serve (optional)"], ["instruction", "In a medium saucepan, stir the clotted cream, butter, and cornflour over a low-ish heat and bring to a low simmer. Turn off the heat and keep warm."], ["created_at", "2020-04-23 13:39:27.692351"], ["updated_at", "2020-04-23 13:39:27.692351"]]
  [1m[35m (0.4ms)[0m  [1m[35mCOMMIT[0m
  [1m[35m (0.1ms)[0m  [1m[35mBEGIN[0m
  [1m[36mRecipe Create (1.0ms)[0m  [1m[32mINSERT INTO "recipes" ("name", "ingredients", "instruction", "created_at", "updated_at") VALUES ($1, $2, $3, $4, $5) RETURNING "id"[0m  [["name", "Recipe 5"], ["ingredients", "227g tub clotted cream, 25g butter, 1 tsp cornfour, 100g parmasan, grated nutmeg, 250g fresh fettuccine or tagliatelle, snipped chives or chopped parsley to serve (optional)"], ["instruction", "In a medium saucepan, stir the clotted cream, butter, and cornflour over a low-ish heat and bring to a low simmer. Turn off the heat and keep warm."], ["created_at", "2020-04-23 13:39:27.696583"], ["updated_at", "2020-04-23 13:39:27.696583"]]
  [1m[35m (0.6ms)[0m  [1m[35mCOMMIT[0m
  [1m[35m (0.2ms)[0m  [1m[35mBEGIN[0m
  [1m[36mRecipe Create (0.3ms)[0m  [1m[32mINSERT INTO "recipes" ("name", "ingredients", "instruction", "created_at", "updated_at") VALUES ($1, $2, $3, $4, $5) RETURNING "id"[0m  [["name", "Recipe 6"], ["ingredients", "227g tub clotted cream, 25g butter, 1 tsp cornfour, 100g parmasan, grated nutmeg, 250g fresh fettuccine or tagliatelle, snipped chives or chopped parsley to serve (optional)"], ["instruction", "In a medium saucepan, stir the clotted cream, butter, and cornflour over a low-ish heat and bring to a low simmer. Turn off the heat and keep warm."], ["created_at", "2020-04-23 13:39:27.702194"], ["updated_at", "2020-04-23 13:39:27.702194"]]
  [1m[35m (0.4ms)[0m  [1m[35mCOMMIT[0m
  [1m[35m (0.1ms)[0m  [1m[35mBEGIN[0m
  [1m[36mRecipe Create (0.6ms)[0m  [1m[32mINSERT INTO "recipes" ("name", "ingredients", "instruction", "created_at", "updated_at") VALUES ($1, $2, $3, $4, $5) RETURNING "id"[0m  [["name", "Recipe 7"], ["ingredients", "227g tub clotted cream, 25g butter, 1 tsp cornfour, 100g parmasan, grated nutmeg, 250g fresh fettuccine or tagliatelle, snipped chives or chopped parsley to serve (optional)"], ["instruction", "In a medium saucepan, stir the clotted cream, butter, and cornflour over a low-ish heat and bring to a low simmer. Turn off the heat and keep warm."], ["created_at", "2020-04-23 13:39:27.706235"], ["updated_at", "2020-04-23 13:39:27.706235"]]
  [1m[35m (0.6ms)[0m  [1m[35mCOMMIT[0m
  [1m[35m (0.1ms)[0m  [1m[35mBEGIN[0m
  [1m[36mRecipe Create (0.7ms)[0m  [1m[32mINSERT INTO "recipes" ("name", "ingredients", "instruction", "created_at", "updated_at") VALUES ($1, $2, $3, $4, $5) RETURNING "id"[0m  [["name", "Recipe 8"], ["ingredients", "227g tub clotted cream, 25g butter, 1 tsp cornfour, 100g parmasan, grated nutmeg, 250g fresh fettuccine or tagliatelle, snipped chives or chopped parsley to serve (optional)"], ["instruction", "In a medium saucepan, stir the clotted cream, butter, and cornflour over a low-ish heat and bring to a low simmer. Turn off the heat and keep warm."], ["created_at", "2020-04-23 13:39:27.711488"], ["updated_at", "2020-04-23 13:39:27.711488"]]
  [1m[35m (0.4ms)[0m  [1m[35mCOMMIT[0m
  [1m[35m (0.2ms)[0m  [1m[35mBEGIN[0m
  [1m[36mRecipe Create (0.5ms)[0m  [1m[32mINSERT INTO "recipes" ("name", "ingredients", "instruction", "created_at", "updated_at") VALUES ($1, $2, $3, $4, $5) RETURNING "id"[0m  [["name", "Recipe 9"], ["ingredients", "227g tub clotted cream, 25g butter, 1 tsp cornfour, 100g parmasan, grated nutmeg, 250g fresh fettuccine or tagliatelle, snipped chives or chopped parsley to serve (optional)"], ["instruction", "In a medium saucepan, stir the clotted cream, butter, and cornflour over a low-ish heat and bring to a low simmer. Turn off the heat and keep warm."], ["created_at", "2020-04-23 13:39:27.732057"], ["updated_at", "2020-04-23 13:39:27.732057"]]
  [1m[35m (0.6ms)[0m  [1m[35mCOMMIT[0m
Started GET "/" for ::1 at 2020-04-23 14:39:45 +0100
  [1m[35m (0.9ms)[0m  [1m[34mSELECT "schema_migrations"."version" FROM "schema_migrations" ORDER BY "schema_migrations"."version" ASC[0m
Processing by HomepageController#index as HTML
  Rendering homepage/index.html.erb within layouts/application
  Rendered homepage/index.html.erb within layouts/application (Duration: 1.3ms | Allocations: 190)
[Webpacker] Compiling...
[Webpacker] Compiled all packs in /Users/andrew/Workspace/PDT/rails_react_recipe/public/packs
[Webpacker] Hash: a41eac8eeb1e8ba390ee
Version: webpack 4.43.0
Time: 3209ms
Built at: 23/04/2020 14:39:50
                                     Asset       Size       Chunks                         Chunk Names
          js/Index-67224f113634c716a422.js   2.58 MiB        Index  [emitted] [immutable]  Index
      js/Index-67224f113634c716a422.js.map   2.83 MiB        Index  [emitted] [dev]        Index
    js/application-bbe9c4a129ab949e0636.js    124 KiB  application  [emitted] [immutable]  application
js/application-bbe9c4a129ab949e0636.js.map    139 KiB  application  [emitted] [dev]        application
                             manifest.json  661 bytes               [emitted]              
Entrypoint application = js/application-bbe9c4a129ab949e0636.js js/application-bbe9c4a129ab949e0636.js.map
Entrypoint Index = js/Index-67224f113634c716a422.js js/Index-67224f113634c716a422.js.map
[./app/javascript/channels sync recursive _channel\.js$] ./app/javascript/channels sync _channel\.js$ 160 bytes {application} [built]
[./app/javascript/channels/index.js] 211 bytes {application} [built]
[./app/javascript/packs/Index.jsx] 664 bytes {Index} [built]
[./app/javascript/packs/application.js] 749 bytes {application} [built]
[./app/javascript/routes/Index.jsx] 1.22 KiB {Index} [built]
[./node_modules/webpack/buildin/global.js] (webpack)/buildin/global.js 905 bytes {Index} [built]
[./node_modules/webpack/buildin/module.js] (webpack)/buildin/module.js 552 bytes {application} {Index} [built]
    + 45 hidden modules

[Webpacker] Everything's up-to-date. Nothing to do
Completed 200 OK in 4676ms (Views: 4662.1ms | ActiveRecord: 0.0ms | Allocations: 10904)


Started GET "/api/v1/recipes/index" for ::1 at 2020-04-23 14:39:53 +0100
Processing by Api::V1::RecipesController#index as */*
  [1m[36mRecipe Load (1.0ms)[0m  [1m[34mSELECT "recipes".* FROM "recipes" ORDER BY "recipes"."created_at" DESC[0m
  ↳ app/controllers/api/v1/recipes_controller.rb:4:in `index'
Completed 200 OK in 51ms (Views: 38.4ms | ActiveRecord: 5.2ms | Allocations: 9031)


Started GET "/recipes" for ::1 at 2020-04-23 15:35:42 +0100
  [1m[35m (0.5ms)[0m  [1m[34mSELECT "schema_migrations"."version" FROM "schema_migrations" ORDER BY "schema_migrations"."version" ASC[0m
Processing by HomepageController#index as HTML
  Parameters: {"path"=>"recipes"}
  Rendering homepage/index.html.erb within layouts/application
  Rendered homepage/index.html.erb within layouts/application (Duration: 1.3ms | Allocations: 190)
[Webpacker] Everything's up-to-date. Nothing to do
[Webpacker] Everything's up-to-date. Nothing to do
Completed 200 OK in 58ms (Views: 45.2ms | ActiveRecord: 0.0ms | Allocations: 9671)


Started GET "/api/v1/recipes/index" for ::1 at 2020-04-23 15:35:42 +0100
Processing by Api::V1::RecipesController#index as */*
  [1m[36mRecipe Load (6.8ms)[0m  [1m[34mSELECT "recipes".* FROM "recipes" ORDER BY "recipes"."created_at" DESC[0m
  ↳ app/controllers/api/v1/recipes_controller.rb:4:in `index'
Completed 200 OK in 63ms (Views: 34.8ms | ActiveRecord: 19.9ms | Allocations: 9052)


Started GET "/api/v1/show/18" for ::1 at 2020-04-23 15:36:27 +0100
Processing by Api::V1::RecipesController#show as */*
  Parameters: {"id"=>"18"}
  [1m[36mRecipe Load (0.4ms)[0m  [1m[34mSELECT "recipes".* FROM "recipes" WHERE "recipes"."id" = $1 LIMIT $2[0m  [["id", 18], ["LIMIT", 1]]
  ↳ app/controllers/api/v1/recipes_controller.rb:36:in `recipe'
Completed 200 OK in 11ms (Views: 0.4ms | ActiveRecord: 0.6ms | Allocations: 3237)


Started GET "/api/v1/recipes/index" for ::1 at 2020-04-23 15:36:42 +0100
Processing by Api::V1::RecipesController#index as */*
  [1m[36mRecipe Load (0.6ms)[0m  [1m[34mSELECT "recipes".* FROM "recipes" ORDER BY "recipes"."created_at" DESC[0m
  ↳ app/controllers/api/v1/recipes_controller.rb:4:in `index'
Completed 200 OK in 7ms (Views: 5.0ms | ActiveRecord: 0.6ms | Allocations: 3802)


Started GET "/api/v1/recipes/index" for ::1 at 2020-04-23 15:37:47 +0100
Processing by Api::V1::RecipesController#index as */*
  [1m[36mRecipe Load (0.4ms)[0m  [1m[34mSELECT "recipes".* FROM "recipes" ORDER BY "recipes"."created_at" DESC[0m
  ↳ app/controllers/api/v1/recipes_controller.rb:4:in `index'
Completed 200 OK in 8ms (Views: 5.9ms | ActiveRecord: 0.4ms | Allocations: 3798)


Started GET "/api/v1/show/18" for ::1 at 2020-04-23 15:37:49 +0100
Processing by Api::V1::RecipesController#show as */*
  Parameters: {"id"=>"18"}
  [1m[36mRecipe Load (0.5ms)[0m  [1m[34mSELECT "recipes".* FROM "recipes" WHERE "recipes"."id" = $1 LIMIT $2[0m  [["id", 18], ["LIMIT", 1]]
  ↳ app/controllers/api/v1/recipes_controller.rb:36:in `recipe'
Completed 200 OK in 5ms (Views: 1.4ms | ActiveRecord: 0.5ms | Allocations: 973)


Started GET "/" for ::1 at 2020-04-29 15:56:04 +0100
  [1m[35m (4.4ms)[0m  [1m[34mSELECT "schema_migrations"."version" FROM "schema_migrations" ORDER BY "schema_migrations"."version" ASC[0m
Processing by HomepageController#index as HTML
  Rendering homepage/index.html.erb within layouts/application
  Rendered homepage/index.html.erb within layouts/application (Duration: 4.0ms | Allocations: 190)
Completed 200 OK in 93ms (Views: 69.3ms | ActiveRecord: 0.0ms | Allocations: 7234)


Started GET "/api/v1/recipes/index" for 127.0.0.1 at 2020-04-29 16:17:33 +0100
Processing by Api::V1::RecipesController#index as */*
  [1m[36mRecipe Load (4.8ms)[0m  [1m[34mSELECT "recipes".* FROM "recipes" ORDER BY "recipes"."created_at" DESC[0m
  ↳ app/controllers/api/v1/recipes_controller.rb:4:in `index'
Completed 200 OK in 93ms (Views: 19.8ms | ActiveRecord: 68.8ms | Allocations: 9044)


Started GET "/api/v1/show/18" for 127.0.0.1 at 2020-04-29 16:17:36 +0100
Processing by Api::V1::RecipesController#show as */*
  Parameters: {"id"=>"18"}
  [1m[36mRecipe Load (12.3ms)[0m  [1m[34mSELECT "recipes".* FROM "recipes" WHERE "recipes"."id" = $1 LIMIT $2[0m  [["id", 18], ["LIMIT", 1]]
  ↳ app/controllers/api/v1/recipes_controller.rb:36:in `recipe'
Completed 200 OK in 35ms (Views: 0.5ms | ActiveRecord: 12.5ms | Allocations: 1398)


Started GET "/api/v1/recipes/index" for 127.0.0.1 at 2020-04-29 16:17:40 +0100
Processing by Api::V1::RecipesController#index as */*
  [1m[36mRecipe Load (0.5ms)[0m  [1m[34mSELECT "recipes".* FROM "recipes" ORDER BY "recipes"."created_at" DESC[0m
  ↳ app/controllers/api/v1/recipes_controller.rb:4:in `index'
Completed 200 OK in 13ms (Views: 12.3ms | ActiveRecord: 0.5ms | Allocations: 3787)


Started GET "/api/v1/recipes/index" for 127.0.0.1 at 2020-04-29 16:17:48 +0100
Processing by Api::V1::RecipesController#index as */*
  [1m[36mRecipe Load (0.4ms)[0m  [1m[34mSELECT "recipes".* FROM "recipes" ORDER BY "recipes"."created_at" DESC[0m
  ↳ app/controllers/api/v1/recipes_controller.rb:4:in `index'
Completed 200 OK in 16ms (Views: 13.7ms | ActiveRecord: 0.4ms | Allocations: 3802)


Started GET "/" for ::1 at 2020-04-30 09:38:23 +0100
  [1m[35m (5.7ms)[0m  [1m[34mSELECT "schema_migrations"."version" FROM "schema_migrations" ORDER BY "schema_migrations"."version" ASC[0m
Processing by HomepageController#index as HTML
  Rendering homepage/index.html.erb within layouts/application
  Rendered homepage/index.html.erb within layouts/application (Duration: 1.2ms | Allocations: 190)
[Webpacker] Compiling...
[Webpacker] Compiled all packs in /Users/andrew/Workspace/PDT/rails_react_recipe/public/packs
[Webpacker] Hash: a41eac8eeb1e8ba390ee
Version: webpack 4.43.0
Time: 4091ms
Built at: 30/04/2020 09:38:29
                                     Asset       Size       Chunks                         Chunk Names
          js/Index-67224f113634c716a422.js   2.58 MiB        Index  [emitted] [immutable]  Index
      js/Index-67224f113634c716a422.js.map   2.83 MiB        Index  [emitted] [dev]        Index
    js/application-bbe9c4a129ab949e0636.js    124 KiB  application  [emitted] [immutable]  application
js/application-bbe9c4a129ab949e0636.js.map    139 KiB  application  [emitted] [dev]        application
                             manifest.json  661 bytes               [emitted]              
Entrypoint application = js/application-bbe9c4a129ab949e0636.js js/application-bbe9c4a129ab949e0636.js.map
Entrypoint Index = js/Index-67224f113634c716a422.js js/Index-67224f113634c716a422.js.map
[./app/javascript/channels sync recursive _channel\.js$] ./app/javascript/channels sync _channel\.js$ 160 bytes {application} [built]
[./app/javascript/channels/index.js] 211 bytes {application} [built]
[./app/javascript/packs/Index.jsx] 664 bytes {Index} [built]
[./app/javascript/packs/application.js] 749 bytes {application} [built]
[./app/javascript/routes/Index.jsx] 1.22 KiB {Index} [built]
[./node_modules/webpack/buildin/global.js] (webpack)/buildin/global.js 905 bytes {Index} [built]
[./node_modules/webpack/buildin/module.js] (webpack)/buildin/module.js 552 bytes {application} {Index} [built]
    + 45 hidden modules

[Webpacker] Everything's up-to-date. Nothing to do
Completed 200 OK in 6356ms (Views: 6343.3ms | ActiveRecord: 0.0ms | Allocations: 10858)


Started GET "/api/v1/recipes/index" for ::1 at 2020-04-30 11:31:50 +0100
Processing by Api::V1::RecipesController#index as */*
  [1m[36mRecipe Load (3.9ms)[0m  [1m[34mSELECT "recipes".* FROM "recipes" ORDER BY "recipes"."created_at" DESC[0m
  ↳ app/controllers/api/v1/recipes_controller.rb:4:in `index'
Completed 200 OK in 105ms (Views: 19.9ms | ActiveRecord: 76.1ms | Allocations: 9035)


Started GET "/api/v1/recipes/index" for ::1 at 2020-04-30 11:32:08 +0100
Processing by Api::V1::RecipesController#index as */*
  [1m[36mRecipe Load (0.4ms)[0m  [1m[34mSELECT "recipes".* FROM "recipes" ORDER BY "recipes"."created_at" DESC[0m
  ↳ app/controllers/api/v1/recipes_controller.rb:4:in `index'
Completed 200 OK in 6ms (Views: 4.4ms | ActiveRecord: 0.4ms | Allocations: 3804)


Started GET "/api/v1/recipes/index" for ::1 at 2020-04-30 11:34:52 +0100
Processing by Api::V1::RecipesController#index as */*
  [1m[36mRecipe Load (0.4ms)[0m  [1m[34mSELECT "recipes".* FROM "recipes" ORDER BY "recipes"."created_at" DESC[0m
  ↳ app/controllers/api/v1/recipes_controller.rb:4:in `index'
Completed 200 OK in 6ms (Views: 4.8ms | ActiveRecord: 0.4ms | Allocations: 3790)


Started GET "/api/v1/recipes/index" for ::1 at 2020-04-30 11:35:38 +0100
Processing by Api::V1::RecipesController#index as */*
  [1m[36mRecipe Load (0.4ms)[0m  [1m[34mSELECT "recipes".* FROM "recipes" ORDER BY "recipes"."created_at" DESC[0m
  ↳ app/controllers/api/v1/recipes_controller.rb:4:in `index'
Completed 200 OK in 7ms (Views: 5.3ms | ActiveRecord: 0.4ms | Allocations: 3784)


Started GET "/recipes" for ::1 at 2020-04-30 11:35:43 +0100
Processing by HomepageController#index as HTML
  Parameters: {"path"=>"recipes"}
  Rendering homepage/index.html.erb within layouts/application
  Rendered homepage/index.html.erb within layouts/application (Duration: 0.0ms | Allocations: 5)
Completed 200 OK in 12ms (Views: 11.4ms | ActiveRecord: 0.0ms | Allocations: 3472)


Started GET "/api/v1/recipes/index" for ::1 at 2020-04-30 11:35:44 +0100
Processing by Api::V1::RecipesController#index as */*
  [1m[36mRecipe Load (0.4ms)[0m  [1m[34mSELECT "recipes".* FROM "recipes" ORDER BY "recipes"."created_at" DESC[0m
  ↳ app/controllers/api/v1/recipes_controller.rb:4:in `index'
Completed 200 OK in 5ms (Views: 4.3ms | ActiveRecord: 0.4ms | Allocations: 3800)


Started GET "/recipes" for ::1 at 2020-04-30 11:35:49 +0100
Processing by HomepageController#index as HTML
  Parameters: {"path"=>"recipes"}
  Rendering homepage/index.html.erb within layouts/application
  Rendered homepage/index.html.erb within layouts/application (Duration: 0.0ms | Allocations: 5)
Completed 200 OK in 7ms (Views: 6.6ms | ActiveRecord: 0.0ms | Allocations: 3466)


Started GET "/recipes" for ::1 at 2020-04-30 11:35:53 +0100
Processing by HomepageController#index as HTML
  Parameters: {"path"=>"recipes"}
  Rendering homepage/index.html.erb within layouts/application
  Rendered homepage/index.html.erb within layouts/application (Duration: 0.0ms | Allocations: 5)
Completed 200 OK in 6ms (Views: 5.6ms | ActiveRecord: 0.0ms | Allocations: 3464)


Started GET "/api/v1/recipes/index" for ::1 at 2020-04-30 11:35:53 +0100
Processing by Api::V1::RecipesController#index as */*
  [1m[36mRecipe Load (0.5ms)[0m  [1m[34mSELECT "recipes".* FROM "recipes" ORDER BY "recipes"."created_at" DESC[0m
  ↳ app/controllers/api/v1/recipes_controller.rb:4:in `index'
Completed 200 OK in 11ms (Views: 9.1ms | ActiveRecord: 0.5ms | Allocations: 3786)


Started GET "/recipes" for ::1 at 2020-04-30 11:36:01 +0100
Processing by HomepageController#index as HTML
  Parameters: {"path"=>"recipes"}
  Rendering homepage/index.html.erb within layouts/application
  Rendered homepage/index.html.erb within layouts/application (Duration: 0.0ms | Allocations: 4)
Completed 200 OK in 6ms (Views: 5.7ms | ActiveRecord: 0.0ms | Allocations: 3467)


Started GET "/api/v1/recipes/index" for ::1 at 2020-04-30 11:36:01 +0100
Processing by Api::V1::RecipesController#index as */*
  [1m[36mRecipe Load (0.4ms)[0m  [1m[34mSELECT "recipes".* FROM "recipes" ORDER BY "recipes"."created_at" DESC[0m
  ↳ app/controllers/api/v1/recipes_controller.rb:4:in `index'
Completed 200 OK in 6ms (Views: 4.5ms | ActiveRecord: 0.4ms | Allocations: 3783)


Started GET "/recipe" for 127.0.0.1 at 2020-04-30 11:37:15 +0100
Processing by HomepageController#index as HTML
  Parameters: {"path"=>"recipe"}
  Rendering homepage/index.html.erb within layouts/application
  Rendered homepage/index.html.erb within layouts/application (Duration: 0.0ms | Allocations: 4)
Completed 200 OK in 17ms (Views: 16.3ms | ActiveRecord: 0.0ms | Allocations: 3466)


Started GET "/recipe" for 127.0.0.1 at 2020-04-30 11:40:33 +0100
Processing by HomepageController#index as HTML
  Parameters: {"path"=>"recipe"}
  Rendering homepage/index.html.erb within layouts/application
  Rendered homepage/index.html.erb within layouts/application (Duration: 0.1ms | Allocations: 5)
Completed 200 OK in 15ms (Views: 12.4ms | ActiveRecord: 0.0ms | Allocations: 3465)


Started POST "/api/v1/recipes/create" for 127.0.0.1 at 2020-04-30 11:42:12 +0100
Processing by Api::V1::RecipesController#create as */*
  Parameters: {"name"=>"Pancakes", "ingredients"=>"Flour, Eggs, Milk, Oil, Sugar, Lemon Juice", "instruction"=>"Mix the flour, eggs and milk to make the batter. Fry in a shallow pan to make the circle, flip half way through... add sugar and lemon juice to taste.", "recipe"=>{"name"=>"Pancakes", "ingredients"=>"Flour, Eggs, Milk, Oil, Sugar, Lemon Juice", "instruction"=>"Mix the flour, eggs and milk to make the batter. Fry in a shallow pan to make the circle, flip half way through... add sugar and lemon juice to taste."}}
[31mUnpermitted parameter: :recipe[0m
  [1m[35m (0.1ms)[0m  [1m[35mBEGIN[0m
  ↳ app/controllers/api/v1/recipes_controller.rb:8:in `create'
  [1m[36mRecipe Create (31.8ms)[0m  [1m[32mINSERT INTO "recipes" ("name", "ingredients", "instruction", "created_at", "updated_at") VALUES ($1, $2, $3, $4, $5) RETURNING "id"[0m  [["name", "Pancakes"], ["ingredients", "Flour, Eggs, Milk, Oil, Sugar, Lemon Juice"], ["instruction", "Mix the flour, eggs and milk to make the batter. Fry in a shallow pan to make the circle, flip half way through... add sugar and lemon juice to taste."], ["created_at", "2020-04-30 10:42:12.146380"], ["updated_at", "2020-04-30 10:42:12.146380"]]
  ↳ app/controllers/api/v1/recipes_controller.rb:8:in `create'
  [1m[35m (0.7ms)[0m  [1m[35mCOMMIT[0m
  ↳ app/controllers/api/v1/recipes_controller.rb:8:in `create'
Completed 200 OK in 37ms (Views: 0.4ms | ActiveRecord: 32.7ms | Allocations: 2892)


Started GET "/api/v1/show/19" for 127.0.0.1 at 2020-04-30 11:42:12 +0100
Processing by Api::V1::RecipesController#show as */*
  Parameters: {"id"=>"19"}
  [1m[36mRecipe Load (0.7ms)[0m  [1m[34mSELECT "recipes".* FROM "recipes" WHERE "recipes"."id" = $1 LIMIT $2[0m  [["id", 19], ["LIMIT", 1]]
  ↳ app/controllers/api/v1/recipes_controller.rb:36:in `recipe'
Completed 200 OK in 12ms (Views: 0.4ms | ActiveRecord: 0.9ms | Allocations: 1358)


Started GET "/recipe/19" for 127.0.0.1 at 2020-04-30 11:44:26 +0100
Processing by HomepageController#index as HTML
  Parameters: {"path"=>"recipe/19"}
  Rendering homepage/index.html.erb within layouts/application
  Rendered homepage/index.html.erb within layouts/application (Duration: 0.0ms | Allocations: 4)
Completed 200 OK in 19ms (Views: 18.8ms | ActiveRecord: 0.0ms | Allocations: 3471)


Started GET "/recipe/19" for 127.0.0.1 at 2020-04-30 12:03:27 +0100
Processing by HomepageController#index as HTML
  Parameters: {"path"=>"recipe/19"}
  Rendering homepage/index.html.erb within layouts/application
  Rendered homepage/index.html.erb within layouts/application (Duration: 0.0ms | Allocations: 4)
Completed 200 OK in 9ms (Views: 8.5ms | ActiveRecord: 0.0ms | Allocations: 3468)


Started GET "/api/v1/show/19" for 127.0.0.1 at 2020-04-30 12:03:28 +0100
Processing by Api::V1::RecipesController#show as */*
  Parameters: {"id"=>"19"}
  [1m[36mRecipe Load (0.4ms)[0m  [1m[34mSELECT "recipes".* FROM "recipes" WHERE "recipes"."id" = $1 LIMIT $2[0m  [["id", 19], ["LIMIT", 1]]
  ↳ app/controllers/api/v1/recipes_controller.rb:36:in `recipe'
Completed 200 OK in 3ms (Views: 0.5ms | ActiveRecord: 0.6ms | Allocations: 1029)


Started GET "/" for ::1 at 2020-05-01 11:24:13 +0100
  [1m[35m (17.4ms)[0m  [1m[34mSELECT "schema_migrations"."version" FROM "schema_migrations" ORDER BY "schema_migrations"."version" ASC[0m
Processing by HomepageController#index as HTML
  Rendering homepage/index.html.erb within layouts/application
  Rendered homepage/index.html.erb within layouts/application (Duration: 1.7ms | Allocations: 190)
Completed 200 OK in 76ms (Views: 56.9ms | ActiveRecord: 0.0ms | Allocations: 7389)


Started GET "/" for 127.0.0.1 at 2020-05-01 11:41:08 +0100
Processing by HomepageController#index as HTML
  Rendering homepage/index.html.erb within layouts/application
  Rendered homepage/index.html.erb within layouts/application (Duration: 0.3ms | Allocations: 5)
Completed 200 OK in 38ms (Views: 29.5ms | ActiveRecord: 0.0ms | Allocations: 3547)


Started GET "/api/v1/recipes/index" for 127.0.0.1 at 2020-05-01 11:41:38 +0100
Processing by Api::V1::RecipesController#index as */*
  [1m[36mRecipe Load (1.7ms)[0m  [1m[34mSELECT "recipes".* FROM "recipes" ORDER BY "recipes"."created_at" DESC[0m
  ↳ app/controllers/api/v1/recipes_controller.rb:4:in `index'
Completed 200 OK in 127ms (Views: 88.9ms | ActiveRecord: 19.0ms | Allocations: 9241)


Started GET "/api/v1/show/19" for 127.0.0.1 at 2020-05-01 11:41:48 +0100
Processing by Api::V1::RecipesController#show as */*
  Parameters: {"id"=>"19"}
  [1m[36mRecipe Load (3.7ms)[0m  [1m[34mSELECT "recipes".* FROM "recipes" WHERE "recipes"."id" = $1 LIMIT $2[0m  [["id", 19], ["LIMIT", 1]]
  ↳ app/controllers/api/v1/recipes_controller.rb:36:in `recipe'
Completed 200 OK in 19ms (Views: 0.6ms | ActiveRecord: 6.8ms | Allocations: 1455)


Started DELETE "/api/v1/destroy/19" for 127.0.0.1 at 2020-05-01 11:41:51 +0100
Processing by Api::V1::RecipesController#destroy as */*
  Parameters: {"id"=>"19", "recipe"=>{}}
  [1m[36mRecipe Load (0.4ms)[0m  [1m[34mSELECT "recipes".* FROM "recipes" WHERE "recipes"."id" = $1 LIMIT $2[0m  [["id", 19], ["LIMIT", 1]]
  ↳ app/controllers/api/v1/recipes_controller.rb:36:in `recipe'
  [1m[35m (0.6ms)[0m  [1m[35mBEGIN[0m
  ↳ app/controllers/api/v1/recipes_controller.rb:25:in `destroy'
  [1m[36mRecipe Destroy (29.7ms)[0m  [1m[31mDELETE FROM "recipes" WHERE "recipes"."id" = $1[0m  [["id", 19]]
  ↳ app/controllers/api/v1/recipes_controller.rb:25:in `destroy'
  [1m[35m (12.2ms)[0m  [1m[35mCOMMIT[0m
  ↳ app/controllers/api/v1/recipes_controller.rb:25:in `destroy'
Completed 200 OK in 51ms (Views: 0.2ms | ActiveRecord: 42.8ms | Allocations: 2653)


Started GET "/api/v1/recipes/index" for 127.0.0.1 at 2020-05-01 11:41:51 +0100
Processing by Api::V1::RecipesController#index as */*
  [1m[36mRecipe Load (0.6ms)[0m  [1m[34mSELECT "recipes".* FROM "recipes" ORDER BY "recipes"."created_at" DESC[0m
  ↳ app/controllers/api/v1/recipes_controller.rb:4:in `index'
Completed 200 OK in 11ms (Views: 8.7ms | ActiveRecord: 0.6ms | Allocations: 3849)


